>>> START RUNNING: FedAVG-Equal-Non-IID-01-2.1.1 - Train mode: benchmark - Dataset: chexpert
START LOADING CHEXPERT DATASET...
Init State dim 6
Init Action dim 3
ROUND:  0
[5, 5, 5]
torch.FloatTensor(label[0]): 0.0
torch.FloatTensor(label[0]): 0.0
torch.FloatTensor(label[0]): 0.0
torch.FloatTensor(label[0]): 0.0
torch.FloatTensor(label[0]): 0.0
torch.FloatTensor(label[0]): 0.0
torch.FloatTensor(label[0]): 0.0
torch.FloatTensor(label[0]): 0.0
torch.FloatTensor(label[0]): 0.0
torch.FloatTensor(label[0]): 0.0
torch.FloatTensor(label[0]): 0.0
torch.FloatTensor(label[0]): 0.0
torch.FloatTensor(label[0]): 0.0
torch.FloatTensor(label[0]): 0.0
torch.FloatTensor(label[0]): 0.0
torch.FloatTensor(label[0]): 0.0
torch.FloatTensor(label[0]): 0.0
torch.FloatTensor(label[0]): 0.0
torch.FloatTensor(label[0]): 0.0
torch.FloatTensor(label[0]): 0.0
torch.FloatTensor(label[0]): 0.0
torch.FloatTensor(label[0]): 0.0
torch.FloatTensor(label[0]): 0.0
torch.FloatTensor(label[0]): 0.0
torch.FloatTensor(label[0]): 0.0
torch.FloatTensor(label[0]): 0.0
torch.FloatTensor(label[0]): 0.0
torch.FloatTensor(label[0]): 0.0
torch.FloatTensor(label[0]): 0.0
torch.FloatTensor(label[0]): 0.0
output: tensor([[0.3941, 0.2811],
        [0.3989, 0.2678],
        [0.1094, 0.2514],
        [0.5818, 0.2770],
        [0.6042, 0.4290],
        [0.4742, 0.2164],
        [0.3691, 0.1112],
        [0.2982, 0.3413],
        [0.8261, 0.5829],
        [0.5828, 0.2783]], device='cuda:0', grad_fn=<AddmmBackward0>)
x: tensor([[[[-1.8953, -1.9124, -1.9295,  ..., -1.8953, -1.8953, -1.8953],
          [-1.9124, -1.9124, -1.9295,  ..., -1.8953, -1.8953, -1.8953],
          [-1.9295, -1.9295, -1.9295,  ..., -1.8953, -1.8953, -1.8953],
          ...,
          [ 1.3070,  1.3755,  1.3755,  ..., -0.0458, -0.1999, -0.2513],
          [ 1.4269,  1.5125,  1.4612,  ...,  0.0741, -0.1314, -0.2171],
          [ 1.5297,  1.3242,  1.4440,  ..., -0.0287,  0.1597, -0.1143]],
         [[-1.8081, -1.8256, -1.8431,  ..., -1.8081, -1.8081, -1.8081],
          [-1.8256, -1.8256, -1.8431,  ..., -1.8081, -1.8081, -1.8081],
          [-1.8431, -1.8431, -1.8431,  ..., -1.8081, -1.8081, -1.8081],
          ...,
          [ 1.4657,  1.5357,  1.5357,  ...,  0.0826, -0.0749, -0.1275],
          [ 1.5882,  1.6758,  1.6232,  ...,  0.2052, -0.0049, -0.0924],
          [ 1.6933,  1.4832,  1.6057,  ...,  0.1001,  0.2927,  0.0126]],
         [[-1.5779, -1.5953, -1.6127,  ..., -1.5779, -1.5779, -1.5779],
          [-1.5953, -1.5953, -1.6127,  ..., -1.5779, -1.5779, -1.5779],
          [-1.6127, -1.6127, -1.6127,  ..., -1.5779, -1.5779, -1.5779],
          ...,
          [ 1.6814,  1.7511,  1.7511,  ...,  0.3045,  0.1476,  0.0953],
          [ 1.8034,  1.8905,  1.8383,  ...,  0.4265,  0.2173,  0.1302],
          [ 1.9080,  1.6988,  1.8208,  ...,  0.3219,  0.5136,  0.2348]]],
        [[[ 0.5193,  0.8276,  0.9132,  ...,  0.0056, -0.4226, -0.0972],
          [ 0.8961,  0.7762,  0.9303,  ..., -0.1657, -0.1314, -0.3027],
          [ 1.0331,  0.9303,  0.5022,  ..., -0.2856, -0.3198, -0.3369],
          ...,
          [ 1.5982,  1.6838,  1.6667,  ...,  1.0502,  0.9646,  0.8961],
          [ 1.5468,  1.5982,  1.6324,  ...,  0.9303,  0.9474,  0.7762],
          [ 1.5982,  1.6495,  1.6667,  ...,  1.0502,  0.9474,  0.9817]],
         [[ 0.6604,  0.9755,  1.0630,  ...,  0.1352, -0.3025,  0.0301],
          [ 1.0455,  0.9230,  1.0805,  ..., -0.0399, -0.0049, -0.1800],
          [ 1.1856,  1.0805,  0.6429,  ..., -0.1625, -0.1975, -0.2150],
          ...,
          [ 1.7633,  1.8508,  1.8333,  ...,  1.2031,  1.1155,  1.0455],
          [ 1.7108,  1.7633,  1.7983,  ...,  1.0805,  1.0980,  0.9230],
          [ 1.7633,  1.8158,  1.8333,  ...,  1.2031,  1.0980,  1.1331]],
         [[ 0.8797,  1.1934,  1.2805,  ...,  0.3568, -0.0790,  0.2522],
          [ 1.2631,  1.1411,  1.2980,  ...,  0.1825,  0.2173,  0.0431],
          [ 1.4025,  1.2980,  0.8622,  ...,  0.0605,  0.0256,  0.0082],
          ...,
          [ 1.9777,  2.0648,  2.0474,  ...,  1.4200,  1.3328,  1.2631],
          [ 1.9254,  1.9777,  2.0125,  ...,  1.2980,  1.3154,  1.1411],
          [ 1.9777,  2.0300,  2.0474,  ...,  1.4200,  1.3154,  1.3502]]],
        [[[ 1.1872,  1.2043,  1.2385,  ...,  0.7419,  0.6906,  0.6734],
          [ 1.1872,  1.2043,  1.2385,  ...,  0.7419,  0.6734,  0.6392],
          [ 1.1700,  1.2214,  1.2728,  ...,  0.7248,  0.6221,  0.5707],
          ...,
          [ 1.8550,  1.8379,  1.8208,  ..., -0.7308, -0.9363, -1.0562],
          [ 1.9235,  1.9064,  1.8550,  ..., -0.6965, -0.9877, -1.1589],
          [ 1.9407,  1.9235,  1.8722,  ..., -0.6794, -1.0048, -1.1932]],
         [[ 1.3431,  1.3606,  1.3957,  ...,  0.8880,  0.8354,  0.8179],
          [ 1.3431,  1.3606,  1.3957,  ...,  0.8880,  0.8179,  0.7829],
          [ 1.3256,  1.3782,  1.4307,  ...,  0.8704,  0.7654,  0.7129],
          ...,
          [ 2.0259,  2.0084,  1.9909,  ..., -0.6176, -0.8277, -0.9503],
          [ 2.0959,  2.0784,  2.0259,  ..., -0.5826, -0.8803, -1.0553],
          [ 2.1134,  2.0959,  2.0434,  ..., -0.5651, -0.8978, -1.0903]],
         [[ 1.5594,  1.5768,  1.6117,  ...,  1.1062,  1.0539,  1.0365],
          [ 1.5594,  1.5768,  1.6117,  ...,  1.1062,  1.0365,  1.0017],
          [ 1.5420,  1.5942,  1.6465,  ...,  1.0888,  0.9842,  0.9319],
          ...,
          [ 2.2391,  2.2217,  2.2043,  ..., -0.3927, -0.6018, -0.7238],
          [ 2.3088,  2.2914,  2.2391,  ..., -0.3578, -0.6541, -0.8284],
          [ 2.3263,  2.3088,  2.2566,  ..., -0.3404, -0.6715, -0.8633]]],
        ...,
        [[[-0.3027, -0.4568, -0.4226,  ..., -0.1314, -0.6281, -0.6623],
          [-0.3883, -0.3027, -0.3027,  ...,  0.0912, -0.1486, -0.6109],
          [-0.4226, -0.4397, -0.3198,  ...,  0.5364,  0.1083, -0.3027],
          ...,
          [ 1.6838,  1.8208,  1.8379,  ..., -1.8097, -1.7240, -1.7240],
          [ 1.6153,  1.7523,  1.7865,  ..., -1.8097, -1.7412, -1.6555],
          [ 1.6667,  1.7523,  1.8208,  ..., -1.7240, -1.7754, -1.6213]],
         [[-0.1800, -0.3375, -0.3025,  ..., -0.0049, -0.5126, -0.5476],
          [-0.2675, -0.1800, -0.1800,  ...,  0.2227, -0.0224, -0.4951],
          [-0.3025, -0.3200, -0.1975,  ...,  0.6779,  0.2402, -0.1800],
          ...,
          [ 1.8508,  1.9909,  2.0084,  ..., -1.7206, -1.6331, -1.6331],
          [ 1.7808,  1.9209,  1.9559,  ..., -1.7206, -1.6506, -1.5630],
          [ 1.8333,  1.9209,  1.9909,  ..., -1.6331, -1.6856, -1.5280]],
         [[ 0.0431, -0.1138, -0.0790,  ...,  0.2173, -0.2881, -0.3230],
          [-0.0441,  0.0431,  0.0431,  ...,  0.4439,  0.1999, -0.2707],
          [-0.0790, -0.0964,  0.0256,  ...,  0.8971,  0.4614,  0.0431],
          ...,
          [ 2.0648,  2.2043,  2.2217,  ..., -1.4907, -1.4036, -1.4036],
          [ 1.9951,  2.1346,  2.1694,  ..., -1.4907, -1.4210, -1.3339],
          [ 2.0474,  2.1346,  2.2043,  ..., -1.4036, -1.4559, -1.2990]]],
        [[[-1.8953, -1.8953, -1.8953,  ...,  0.4508,  0.4166,  0.4337],
          [-1.8953, -1.8953, -1.8953,  ...,  0.6906,  0.6392,  0.3481],
          [-1.8953, -1.8953, -1.8953,  ...,  0.9988,  0.7077,  0.4337],
          ...,
          [-1.1418, -1.2617, -1.1589,  ...,  1.8550,  1.8722,  1.9235],
          [-1.3302, -1.4329, -1.5185,  ...,  1.9235,  2.0605,  1.9578],
          [-1.2788, -1.4500, -1.4500,  ...,  2.0605,  2.0092,  2.1290]],
         [[-1.8081, -1.8081, -1.8081,  ...,  0.5903,  0.5553,  0.5728],
          [-1.8081, -1.8081, -1.8081,  ...,  0.8354,  0.7829,  0.4853],
          [-1.8081, -1.8081, -1.8081,  ...,  1.1506,  0.8529,  0.5728],
          ...,
          [-1.0378, -1.1604, -1.0553,  ...,  2.0259,  2.0434,  2.0959],
          [-1.2304, -1.3354, -1.4230,  ...,  2.0959,  2.2360,  2.1310],
          [-1.1779, -1.3529, -1.3529,  ...,  2.2360,  2.1835,  2.3060]],
         [[-1.5779, -1.5779, -1.5779,  ...,  0.8099,  0.7751,  0.7925],
          [-1.5779, -1.5779, -1.5779,  ...,  1.0539,  1.0017,  0.7054],
          [-1.5779, -1.5779, -1.5779,  ...,  1.3677,  1.0714,  0.7925],
          ...,
          [-0.8110, -0.9330, -0.8284,  ...,  2.2391,  2.2566,  2.3088],
          [-1.0027, -1.1073, -1.1944,  ...,  2.3088,  2.4483,  2.3437],
          [-0.9504, -1.1247, -1.1247,  ...,  2.4483,  2.3960,  2.5180]]],
        [[[-2.0665, -2.0665, -2.0665,  ..., -1.8610, -1.7925, -1.7240],
          [-2.0665, -2.1008, -2.1008,  ..., -1.9295, -1.8610, -1.7925],
          [-2.0665, -2.0494, -2.0494,  ..., -1.9467, -1.9124, -1.8610],
          ...,
          [ 1.5297,  1.5297,  1.5297,  ..., -1.7583, -1.7412, -1.7240],
          [ 1.5639,  1.5639,  1.5639,  ..., -1.7583, -1.7240, -1.7412],
          [ 1.5468,  1.5639,  1.5639,  ..., -1.7583, -1.7412, -1.6898]],
         [[-1.9832, -1.9832, -1.9832,  ..., -1.7731, -1.7031, -1.6331],
          [-1.9832, -2.0182, -2.0182,  ..., -1.8431, -1.7731, -1.7031],
          [-1.9832, -1.9657, -1.9657,  ..., -1.8606, -1.8256, -1.7731],
          ...,
          [ 1.6933,  1.6933,  1.6933,  ..., -1.6681, -1.6506, -1.6331],
          [ 1.7283,  1.7283,  1.7283,  ..., -1.6681, -1.6331, -1.6506],
          [ 1.7108,  1.7283,  1.7283,  ..., -1.6681, -1.6506, -1.5980]],
         [[-1.7522, -1.7522, -1.7522,  ..., -1.5430, -1.4733, -1.4036],
          [-1.7522, -1.7870, -1.7870,  ..., -1.6127, -1.5430, -1.4733],
          [-1.7522, -1.7347, -1.7347,  ..., -1.6302, -1.5953, -1.5430],
          ...,
          [ 1.9080,  1.9080,  1.9080,  ..., -1.4384, -1.4210, -1.4036],
          [ 1.9428,  1.9428,  1.9428,  ..., -1.4384, -1.4036, -1.4210],
          [ 1.9254,  1.9428,  1.9428,  ..., -1.4384, -1.4210, -1.3687]]]],
       device='cuda:0')
y: tensor([], device='cuda:0', size=(10, 0))
output: tensor([[0.5334, 0.4657],
        [0.5414, 0.1427],
        [0.4701, 0.2447],
        [0.3947, 0.1793],
        [0.3363, 0.2851],
        [0.3667, 0.3055],
        [0.5360, 0.3641],
        [0.2880, 0.4077],
        [0.5621, 0.2848],
        [0.4441, 0.3244]], device='cuda:0', grad_fn=<AddmmBackward0>)
x: tensor([[[[-2.1179, -2.1179, -2.1179,  ..., -0.7308, -0.3369, -0.0629],
          [-2.1179, -2.1179, -2.1179,  ..., -0.6794, -0.3369, -0.1314],
          [-2.1179, -2.1179, -2.1179,  ..., -0.8164, -0.4568, -0.1486],
          ...,
          [-1.8610, -1.6555, -1.6384,  ...,  0.7419,  0.8276,  0.9474],
          [-1.8610, -1.6555, -1.6384,  ...,  0.6734,  0.8276,  0.8104],
          [-1.8439, -1.6555, -1.6213,  ...,  0.8618,  0.8961,  0.9303]],
         [[-2.0357, -2.0357, -2.0357,  ..., -0.6176, -0.2150,  0.0651],
          [-2.0357, -2.0357, -2.0357,  ..., -0.5651, -0.2150, -0.0049],
          [-2.0357, -2.0357, -2.0357,  ..., -0.7052, -0.3375, -0.0224],
          ...,
          [-1.7731, -1.5630, -1.5455,  ...,  0.8880,  0.9755,  1.0980],
          [-1.7731, -1.5630, -1.5455,  ...,  0.8179,  0.9755,  0.9580],
          [-1.7556, -1.5630, -1.5280,  ...,  1.0105,  1.0455,  1.0805]],
         [[-1.8044, -1.8044, -1.8044,  ..., -0.3927,  0.0082,  0.2871],
          [-1.8044, -1.8044, -1.8044,  ..., -0.3404,  0.0082,  0.2173],
          [-1.8044, -1.8044, -1.8044,  ..., -0.4798, -0.1138,  0.1999],
          ...,
          [-1.5430, -1.3339, -1.3164,  ...,  1.1062,  1.1934,  1.3154],
          [-1.5430, -1.3339, -1.3164,  ...,  1.0365,  1.1934,  1.1759],
          [-1.5256, -1.3339, -1.2990,  ...,  1.2282,  1.2631,  1.2980]]],
        [[[ 0.9303,  0.9132,  1.0844,  ...,  0.9132,  1.8722,  1.5639],
          [ 0.9988,  1.0502,  1.2385,  ...,  0.8789,  1.8379,  1.4269],
          [ 0.9474,  1.1700,  1.4269,  ...,  0.8104,  1.8550,  1.4269],
          ...,
          [-0.7993, -0.5938, -0.5082,  ..., -1.9295, -1.9295, -1.9638],
          [-0.8335, -0.6965, -0.5938,  ..., -1.9124, -1.8953, -1.9295],
          [-0.8507, -0.7137, -0.4226,  ..., -1.9124, -1.8782, -1.8953]],
         [[ 1.0805,  1.0630,  1.2381,  ...,  1.0630,  2.0434,  1.7283],
          [ 1.1506,  1.2031,  1.3957,  ...,  1.0280,  2.0084,  1.5882],
          [ 1.0980,  1.3256,  1.5882,  ...,  0.9580,  2.0259,  1.5882],
          ...,
          [-0.6877, -0.4776, -0.3901,  ..., -1.8431, -1.8431, -1.8782],
          [-0.7227, -0.5826, -0.4776,  ..., -1.8256, -1.8081, -1.8431],
          [-0.7402, -0.6001, -0.3025,  ..., -1.8256, -1.7906, -1.8081]],
         [[ 1.2980,  1.2805,  1.4548,  ...,  1.2805,  2.2566,  1.9428],
          [ 1.3677,  1.4200,  1.6117,  ...,  1.2457,  2.2217,  1.8034],
          [ 1.3154,  1.5420,  1.8034,  ...,  1.1759,  2.2391,  1.8034],
          ...,
          [-0.4624, -0.2532, -0.1661,  ..., -1.6127, -1.6127, -1.6476],
          [-0.4973, -0.3578, -0.2532,  ..., -1.5953, -1.5779, -1.6127],
          [-0.5147, -0.3753, -0.0790,  ..., -1.5953, -1.5604, -1.5779]]],
        [[[-1.7069, -1.7240, -1.6898,  ...,  0.5193,  0.1597,  0.0398],
          [-1.0733, -1.0390, -1.1075,  ...,  0.4337,  0.1597,  0.0398],
          [-0.7822, -0.6965, -0.7479,  ...,  0.2967,  0.0398, -0.0458],
          ...,
          [-0.8507, -0.8335, -0.7822,  ...,  1.3413,  1.2728,  1.3070],
          [-0.7993, -0.7993, -0.7993,  ...,  1.3927,  1.4098,  1.4269],
          [-0.9020, -0.8849, -0.6965,  ...,  1.4440,  1.3413,  1.3413]],
         [[-1.6155, -1.6331, -1.5980,  ...,  0.6604,  0.2927,  0.1702],
          [-0.9678, -0.9328, -1.0028,  ...,  0.5728,  0.2927,  0.1702],
          [-0.6702, -0.5826, -0.6352,  ...,  0.4328,  0.1702,  0.0826],
          ...,
          [-0.7402, -0.7227, -0.6702,  ...,  1.5007,  1.4307,  1.4657],
          [-0.6877, -0.6877, -0.6877,  ...,  1.5532,  1.5707,  1.5882],
          [-0.7927, -0.7752, -0.5826,  ...,  1.6057,  1.5007,  1.5007]],
         [[-1.3861, -1.4036, -1.3687,  ...,  0.8797,  0.5136,  0.3916],
          [-0.7413, -0.7064, -0.7761,  ...,  0.7925,  0.5136,  0.3916],
          [-0.4450, -0.3578, -0.4101,  ...,  0.6531,  0.3916,  0.3045],
          ...,
          [-0.5147, -0.4973, -0.4450,  ...,  1.7163,  1.6465,  1.6814],
          [-0.4624, -0.4624, -0.4624,  ...,  1.7685,  1.7860,  1.8034],
          [-0.5670, -0.5495, -0.3578,  ...,  1.8208,  1.7163,  1.7163]]],
        ...,
        [[[-1.2959, -1.2959, -1.3130,  ..., -0.9534, -0.9534, -0.9705],
          [-1.3302, -1.3130, -1.3473,  ..., -1.0048, -0.9877, -1.0048],
          [-1.3644, -1.3302, -1.3644,  ..., -0.9877, -1.0048, -0.9877],
          ...,
          [ 1.3070,  1.2385,  1.1529,  ..., -1.8610, -1.8610, -1.8268],
          [ 1.3070,  1.2899,  1.3413,  ..., -1.8610, -1.8439, -1.8097],
          [ 1.2899,  1.2385,  1.4269,  ..., -1.8782, -1.8610, -1.8268]],
         [[-1.1954, -1.1954, -1.2129,  ..., -0.8452, -0.8452, -0.8627],
          [-1.2304, -1.2129, -1.2479,  ..., -0.8978, -0.8803, -0.8978],
          [-1.2654, -1.2304, -1.2654,  ..., -0.8803, -0.8978, -0.8803],
          ...,
          [ 1.4657,  1.3957,  1.3081,  ..., -1.7731, -1.7731, -1.7381],
          [ 1.4657,  1.4482,  1.5007,  ..., -1.7731, -1.7556, -1.7206],
          [ 1.4482,  1.3957,  1.5882,  ..., -1.7906, -1.7731, -1.7381]],
         [[-0.9678, -0.9678, -0.9853,  ..., -0.6193, -0.6193, -0.6367],
          [-1.0027, -0.9853, -1.0201,  ..., -0.6715, -0.6541, -0.6715],
          [-1.0376, -1.0027, -1.0376,  ..., -0.6541, -0.6715, -0.6541],
          ...,
          [ 1.6814,  1.6117,  1.5245,  ..., -1.5430, -1.5430, -1.5081],
          [ 1.6814,  1.6640,  1.7163,  ..., -1.5430, -1.5256, -1.4907],
          [ 1.6640,  1.6117,  1.8034,  ..., -1.5604, -1.5430, -1.5081]]],
        [[[-1.5185, -1.4500, -1.3302,  ..., -1.1075, -1.0733, -0.7822],
          [-1.2617, -1.2617, -1.2445,  ..., -0.9877, -0.7479, -0.6965],
          [-1.0904, -1.2959, -1.2445,  ..., -0.5767, -0.6794, -0.6452],
          ...,
          [ 0.6906,  0.7419,  0.7762,  ...,  1.4440,  1.3584,  1.3755],
          [ 0.6734,  0.7077,  0.6906,  ...,  1.4440,  1.3755,  1.3927],
          [ 0.6734,  0.7248,  0.7419,  ...,  1.3755,  1.3584,  1.4269]],
         [[-1.4230, -1.3529, -1.2304,  ..., -1.0028, -0.9678, -0.6702],
          [-1.1604, -1.1604, -1.1429,  ..., -0.8803, -0.6352, -0.5826],
          [-0.9853, -1.1954, -1.1429,  ..., -0.4601, -0.5651, -0.5301],
          ...,
          [ 0.8354,  0.8880,  0.9230,  ...,  1.6057,  1.5182,  1.5357],
          [ 0.8179,  0.8529,  0.8354,  ...,  1.6057,  1.5357,  1.5532],
          [ 0.8179,  0.8704,  0.8880,  ...,  1.5357,  1.5182,  1.5882]],
         [[-1.1944, -1.1247, -1.0027,  ..., -0.7761, -0.7413, -0.4450],
          [-0.9330, -0.9330, -0.9156,  ..., -0.6541, -0.4101, -0.3578],
          [-0.7587, -0.9678, -0.9156,  ..., -0.2358, -0.3404, -0.3055],
          ...,
          [ 1.0539,  1.1062,  1.1411,  ...,  1.8208,  1.7337,  1.7511],
          [ 1.0365,  1.0714,  1.0539,  ...,  1.8208,  1.7511,  1.7685],
          [ 1.0365,  1.0888,  1.1062,  ...,  1.7511,  1.7337,  1.8034]]],
        [[[ 0.4337,  0.2282,  0.3138,  ...,  0.0398,  0.7933,  0.8789],
          [ 0.2624,  0.3481,  0.3994,  ...,  0.6049,  0.9303,  0.9474],
          [ 0.3138,  0.4337,  0.5022,  ...,  0.9817,  0.8961,  0.9303],
          ...,
          [-0.8164, -0.5767, -0.6281,  ..., -1.9295, -1.9809, -1.9809],
          [-0.7479, -0.5938, -0.5767,  ..., -1.9295, -1.9809, -1.9980],
          [-0.7479, -0.5596, -0.4568,  ..., -1.9638, -1.9809, -1.9980]],
         [[ 0.5728,  0.3627,  0.4503,  ...,  0.1702,  0.9405,  1.0280],
          [ 0.3978,  0.4853,  0.5378,  ...,  0.7479,  1.0805,  1.0980],
          [ 0.4503,  0.5728,  0.6429,  ...,  1.1331,  1.0455,  1.0805],
          ...,
          [-0.7052, -0.4601, -0.5126,  ..., -1.8431, -1.8957, -1.8957],
          [-0.6352, -0.4776, -0.4601,  ..., -1.8431, -1.8957, -1.9132],
          [-0.6352, -0.4426, -0.3375,  ..., -1.8782, -1.8957, -1.9132]],
         [[ 0.7925,  0.5834,  0.6705,  ...,  0.3916,  1.1585,  1.2457],
          [ 0.6182,  0.7054,  0.7576,  ...,  0.9668,  1.2980,  1.3154],
          [ 0.6705,  0.7925,  0.8622,  ...,  1.3502,  1.2631,  1.2980],
          ...,
          [-0.4798, -0.2358, -0.2881,  ..., -1.6127, -1.6650, -1.6650],
          [-0.4101, -0.2532, -0.2358,  ..., -1.6127, -1.6650, -1.6824],
          [-0.4101, -0.2184, -0.1138,  ..., -1.6476, -1.6650, -1.6824]]]],
       device='cuda:0')
y: tensor([], device='cuda:0', size=(10, 0))
output: tensor([[ 0.3042, -0.0378],
        [ 0.2873,  0.3002],
        [ 1.1175,  0.6509],
        [ 0.3491,  0.3632],
        [ 0.6145,  0.3771],
        [ 0.3860,  0.1871],
        [ 0.1869,  0.1813],
        [ 0.3813,  0.2312],
        [ 0.3758,  0.1777],
        [ 0.3796,  0.3865]], device='cuda:0', grad_fn=<AddmmBackward0>)
x: tensor([[[[-0.0801, -0.0287,  0.0398,  ...,  0.3481,  0.2624,  0.1083],
          [ 0.0398,  0.0741,  0.0741,  ...,  0.4166,  0.2111,  0.0912],
          [ 0.1083,  0.0741,  0.0569,  ...,  0.3138,  0.0398, -0.0458],
          ...,
          [ 1.2385,  1.3413,  1.3927,  ...,  0.3481,  0.2624,  0.2282],
          [ 1.2214,  1.2899,  1.3584,  ...,  0.3994,  0.3481,  0.4337],
          [ 1.2385,  1.2899,  1.3413,  ...,  0.4166,  0.3652,  0.3481]],
         [[ 0.0476,  0.1001,  0.1702,  ...,  0.4853,  0.3978,  0.2402],
          [ 0.1702,  0.2052,  0.2052,  ...,  0.5553,  0.3452,  0.2227],
          [ 0.2402,  0.2052,  0.1877,  ...,  0.4503,  0.1702,  0.0826],
          ...,
          [ 1.3957,  1.5007,  1.5532,  ...,  0.4853,  0.3978,  0.3627],
          [ 1.3782,  1.4482,  1.5182,  ...,  0.5378,  0.4853,  0.5728],
          [ 1.3957,  1.4482,  1.5007,  ...,  0.5553,  0.5028,  0.4853]],
         [[ 0.2696,  0.3219,  0.3916,  ...,  0.7054,  0.6182,  0.4614],
          [ 0.3916,  0.4265,  0.4265,  ...,  0.7751,  0.5659,  0.4439],
          [ 0.4614,  0.4265,  0.4091,  ...,  0.6705,  0.3916,  0.3045],
          ...,
          [ 1.6117,  1.7163,  1.7685,  ...,  0.7054,  0.6182,  0.5834],
          [ 1.5942,  1.6640,  1.7337,  ...,  0.7576,  0.7054,  0.7925],
          [ 1.6117,  1.6640,  1.7163,  ...,  0.7751,  0.7228,  0.7054]]],
        [[[-1.3130, -1.2617, -1.5185,  ..., -0.2684, -0.0801, -0.3027],
          [-1.3987, -1.0048, -1.4329,  ..., -0.1999, -0.1828, -0.2856],
          [-1.3987, -1.0904, -1.3987,  ..., -0.0972, -0.2513, -0.3369],
          ...,
          [ 2.1975,  2.1975,  2.1804,  ...,  0.3309,  0.2624,  0.0741],
          [ 2.1119,  2.2147,  2.1462,  ...,  0.2111,  0.0741,  0.0741],
          [ 1.9578,  2.1975,  2.1119,  ...,  0.4166,  0.0741,  0.3652]],
         [[-1.2129, -1.1604, -1.4230,  ..., -0.1450,  0.0476, -0.1800],
          [-1.3004, -0.8978, -1.3354,  ..., -0.0749, -0.0574, -0.1625],
          [-1.3004, -0.9853, -1.3004,  ...,  0.0301, -0.1275, -0.2150],
          ...,
          [ 2.3761,  2.3761,  2.3585,  ...,  0.4678,  0.3978,  0.2052],
          [ 2.2885,  2.3936,  2.3235,  ...,  0.3452,  0.2052,  0.2052],
          [ 2.1310,  2.3761,  2.2885,  ...,  0.5553,  0.2052,  0.5028]],
         [[-0.9853, -0.9330, -1.1944,  ...,  0.0779,  0.2696,  0.0431],
          [-1.0724, -0.6715, -1.1073,  ...,  0.1476,  0.1651,  0.0605],
          [-1.0724, -0.7587, -1.0724,  ...,  0.2522,  0.0953,  0.0082],
          ...,
          [ 2.5877,  2.5877,  2.5703,  ...,  0.6879,  0.6182,  0.4265],
          [ 2.5006,  2.6051,  2.5354,  ...,  0.5659,  0.4265,  0.4265],
          [ 2.3437,  2.5877,  2.5006,  ...,  0.7751,  0.4265,  0.7228]]],
        [[[-2.0323, -2.0323, -2.0152,  ..., -0.5938, -0.3369, -0.2342],
          [-2.0323, -2.0323, -2.0152,  ..., -0.5424, -0.3027, -0.2171],
          [-2.0152, -2.0152, -2.0323,  ..., -0.4226, -0.2513, -0.1657],
          ...,
          [-0.0801, -0.1143, -0.2171,  ..., -1.6555, -1.6555, -1.6555],
          [-0.1314, -0.1314, -0.1314,  ..., -1.6213, -1.5357, -1.5185],
          [-0.1486, -0.1314, -0.0972,  ..., -1.6042, -1.4843, -1.4500]],
         [[-1.9482, -1.9482, -1.9307,  ..., -0.4776, -0.2150, -0.1099],
          [-1.9482, -1.9482, -1.9307,  ..., -0.4251, -0.1800, -0.0924],
          [-1.9307, -1.9307, -1.9482,  ..., -0.3025, -0.1275, -0.0399],
          ...,
          [ 0.0476,  0.0126, -0.0924,  ..., -1.5630, -1.5630, -1.5630],
          [-0.0049, -0.0049, -0.0049,  ..., -1.5280, -1.4405, -1.4230],
          [-0.0224, -0.0049,  0.0301,  ..., -1.5105, -1.3880, -1.3529]],
         [[-1.7173, -1.7173, -1.6999,  ..., -0.2532,  0.0082,  0.1128],
          [-1.7173, -1.7173, -1.6999,  ..., -0.2010,  0.0431,  0.1302],
          [-1.6999, -1.6999, -1.7173,  ..., -0.0790,  0.0953,  0.1825],
          ...,
          [ 0.2696,  0.2348,  0.1302,  ..., -1.3339, -1.3339, -1.3339],
          [ 0.2173,  0.2173,  0.2173,  ..., -1.2990, -1.2119, -1.1944],
          [ 0.1999,  0.2173,  0.2522,  ..., -1.2816, -1.1596, -1.1247]]],
        ...,
        [[[-1.4500, -1.4500, -1.4329,  ..., -0.3883, -0.5938, -0.5596],
          [-1.4500, -1.5014, -1.4672,  ..., -0.2171, -0.3883, -0.5424],
          [-1.4672, -1.5185, -1.3644,  ..., -0.0458, -0.2856, -0.3027],
          ...,
          [ 2.1290,  2.1462,  2.1119,  ...,  0.9817,  0.9817,  0.8789],
          [ 2.1290,  2.1290,  2.0948,  ...,  0.9646,  1.0673,  0.8961],
          [ 2.1462,  2.1119,  2.1119,  ...,  0.9303,  0.9817,  0.9988]],
         [[-1.3529, -1.3529, -1.3354,  ..., -0.2675, -0.4776, -0.4426],
          [-1.3529, -1.4055, -1.3704,  ..., -0.0924, -0.2675, -0.4251],
          [-1.3704, -1.4230, -1.2654,  ...,  0.0826, -0.1625, -0.1800],
          ...,
          [ 2.3060,  2.3235,  2.2885,  ...,  1.1331,  1.1331,  1.0280],
          [ 2.3060,  2.3060,  2.2710,  ...,  1.1155,  1.2206,  1.0455],
          [ 2.3235,  2.2885,  2.2885,  ...,  1.0805,  1.1331,  1.1506]],
         [[-1.1247, -1.1247, -1.1073,  ..., -0.0441, -0.2532, -0.2184],
          [-1.1247, -1.1770, -1.1421,  ...,  0.1302, -0.0441, -0.2010],
          [-1.1421, -1.1944, -1.0376,  ...,  0.3045,  0.0605,  0.0431],
          ...,
          [ 2.5180,  2.5354,  2.5006,  ...,  1.3502,  1.3502,  1.2457],
          [ 2.5180,  2.5180,  2.4831,  ...,  1.3328,  1.4374,  1.2631],
          [ 2.5354,  2.5006,  2.5006,  ...,  1.2980,  1.3502,  1.3677]]],
        [[[ 0.6734,  0.6049,  0.7077,  ..., -0.2342, -0.3541, -0.5596],
          [ 0.4851,  0.8618,  0.8618,  ..., -0.3883, -0.4911, -1.0562],
          [ 0.6906,  0.7933,  0.8447,  ..., -0.5082, -0.9534, -1.3130],
          ...,
          [ 1.4612,  1.4783,  1.5639,  ..., -0.6794, -0.6623, -0.6794],
          [ 1.5297,  1.6153,  1.5982,  ..., -0.6281, -0.6281, -0.7308],
          [ 1.4783,  1.6153,  1.5982,  ..., -0.7137, -0.8164, -0.7650]],
         [[ 0.8179,  0.7479,  0.8529,  ..., -0.1099, -0.2325, -0.4426],
          [ 0.6254,  1.0105,  1.0105,  ..., -0.2675, -0.3725, -0.9503],
          [ 0.8354,  0.9405,  0.9930,  ..., -0.3901, -0.8452, -1.2129],
          ...,
          [ 1.6232,  1.6408,  1.7283,  ..., -0.5651, -0.5476, -0.5651],
          [ 1.6933,  1.7808,  1.7633,  ..., -0.5126, -0.5126, -0.6176],
          [ 1.6408,  1.7808,  1.7633,  ..., -0.6001, -0.7052, -0.6527]],
         [[ 1.0365,  0.9668,  1.0714,  ...,  0.1128, -0.0092, -0.2184],
          [ 0.8448,  1.2282,  1.2282,  ..., -0.0441, -0.1487, -0.7238],
          [ 1.0539,  1.1585,  1.2108,  ..., -0.1661, -0.6193, -0.9853],
          ...,
          [ 1.8383,  1.8557,  1.9428,  ..., -0.3404, -0.3230, -0.3404],
          [ 1.9080,  1.9951,  1.9777,  ..., -0.2881, -0.2881, -0.3927],
          [ 1.8557,  1.9951,  1.9777,  ..., -0.3753, -0.4798, -0.4275]]],
        [[[ 1.6838,  1.6153,  1.5125,  ...,  0.7419,  0.8618,  0.8961],
          [ 1.7352,  1.6667,  1.5639,  ...,  0.1939,  0.5022,  0.7077],
          [ 1.7352,  1.6495,  1.6153,  ..., -0.1486,  0.1083,  0.5022],
          ...,
          [-1.6898, -1.7069, -1.7069,  ...,  2.1804,  2.1975,  2.1804],
          [-1.7069, -1.7069, -1.7069,  ...,  2.1804,  2.1975,  2.1633],
          [-1.7240, -1.6898, -1.7069,  ...,  2.1633,  2.1804,  2.1804]],
         [[ 1.8508,  1.7808,  1.6758,  ...,  0.8880,  1.0105,  1.0455],
          [ 1.9034,  1.8333,  1.7283,  ...,  0.3277,  0.6429,  0.8529],
          [ 1.9034,  1.8158,  1.7808,  ..., -0.0224,  0.2402,  0.6429],
          ...,
          [-1.5980, -1.6155, -1.6155,  ...,  2.3585,  2.3761,  2.3585],
          [-1.6155, -1.6155, -1.6155,  ...,  2.3585,  2.3761,  2.3410],
          [-1.6331, -1.5980, -1.6155,  ...,  2.3410,  2.3585,  2.3585]],
         [[ 2.0648,  1.9951,  1.8905,  ...,  1.1062,  1.2282,  1.2631],
          [ 2.1171,  2.0474,  1.9428,  ...,  0.5485,  0.8622,  1.0714],
          [ 2.1171,  2.0300,  1.9951,  ...,  0.1999,  0.4614,  0.8622],
          ...,
          [-1.3687, -1.3861, -1.3861,  ...,  2.5703,  2.5877,  2.5703],
          [-1.3861, -1.3861, -1.3861,  ...,  2.5703,  2.5877,  2.5529],
          [-1.4036, -1.3687, -1.3861,  ...,  2.5529,  2.5703,  2.5703]]]],
       device='cuda:0')
y: tensor([], device='cuda:0', size=(10, 0))
  0%|                                                             | 0/1000 [00:11<?, ?it/s]
multiprocessing.pool.RemoteTraceback:
"""
Traceback (most recent call last):
  File "/home/aiotlabws/Workspace/Env/anaconda3/envs/longnd/lib/python3.8/multiprocessing/pool.py", line 125, in worker
    result = (True, func(*args, **kwds))
  File "/home/aiotlabws/Workspace/Env/anaconda3/envs/longnd/lib/python3.8/multiprocessing/pool.py", line 48, in mapstar
    return list(map(*args))
  File "/mnt/disk1/dungnt-vaipe/federated-learning-dqn/utils/trainer.py", line 40, in train
    _, start_inference_loss = test(model, train_dataloader)
  File "/mnt/disk1/dungnt-vaipe/federated-learning-dqn/utils/trainer.py", line 95, in test
    loss += cel(output, y).item()
  File "/home/aiotlabws/Workspace/Env/anaconda3/envs/longnd/lib/python3.8/site-packages/torch/nn/modules/module.py", line 1102, in _call_impl
    return forward_call(*input, **kwargs)
  File "/home/aiotlabws/Workspace/Env/anaconda3/envs/longnd/lib/python3.8/site-packages/torch/nn/modules/loss.py", line 1150, in forward
    return F.cross_entropy(input, target, weight=self.weight,
  File "/home/aiotlabws/Workspace/Env/anaconda3/envs/longnd/lib/python3.8/site-packages/torch/nn/functional.py", line 2846, in cross_entropy
    return torch._C._nn.cross_entropy_loss(input, target, weight, _Reduction.get_enum(reduction), ignore_index, label_smoothing)
RuntimeError: 0D or 1D target tensor expected, multi-target not supported
"""
The above exception was the direct cause of the following exception:
Traceback (most recent call last):
  File "train.py", line 344, in <module>
    main(args)
  File "train.py", line 199, in main
    pool.map(
  File "/home/aiotlabws/Workspace/Env/anaconda3/envs/longnd/lib/python3.8/multiprocessing/pool.py", line 364, in map
    return self._map_async(func, iterable, mapstar, chunksize).get()
  File "/home/aiotlabws/Workspace/Env/anaconda3/envs/longnd/lib/python3.8/multiprocessing/pool.py", line 771, in get
    raise self._value
RuntimeError: 0D or 1D target tensor expected, multi-target not supported