>>> START RUNNING: FedAVG-Equal-Non-IID-01-2.1.1 - Train mode: benchmark - Dataset: chexpert
START LOADING CHEXPERT DATASET...
Init State dim 6
Init Action dim 3
ROUND:  0
[5, 5, 5]
output: tensor([[-0.3016, -0.7742],
        [-0.2326, -0.7009],
        [-0.2802, -0.9392],
        [-0.2410, -0.5970],
        [-0.1911, -0.5832],
        [-0.2290, -0.4825],
        [-0.1929, -0.9525],
        [-0.2199, -0.9558],
        [-0.1957, -0.4667],
        [-0.3338, -1.1476]], device='cuda:0', grad_fn=<AddmmBackward>)
x: tensor([[[[ 1.7009,  1.6324,  1.6838,  ...,  0.5536,  0.4851,  0.4851],
          [ 1.4269,  1.5297,  1.4612,  ...,  0.2967,  0.3309,  0.2453],
          [ 1.2728,  1.3755,  1.4269,  ...,  0.3994,  0.4679,  0.6049],
          ...,
          [ 2.1633,  2.1119,  2.1290,  ..., -1.6384, -1.7069, -1.7240],
          [ 2.1633,  2.1975,  2.1804,  ..., -1.6727, -1.7069, -1.6727],
          [ 2.1462,  2.2147,  2.1462,  ..., -1.6898, -1.6898, -1.5870]],
         [[ 1.8683,  1.7983,  1.8508,  ...,  0.6954,  0.6254,  0.6254],
          [ 1.5882,  1.6933,  1.6232,  ...,  0.4328,  0.4678,  0.3803],
          [ 1.4307,  1.5357,  1.5882,  ...,  0.5378,  0.6078,  0.7479],
          ...,
          [ 2.3410,  2.2885,  2.3060,  ..., -1.5455, -1.6155, -1.6331],
          [ 2.3410,  2.3761,  2.3585,  ..., -1.5805, -1.6155, -1.5805],
          [ 2.3235,  2.3936,  2.3235,  ..., -1.5980, -1.5980, -1.4930]],
         [[ 2.0823,  2.0125,  2.0648,  ...,  0.9145,  0.8448,  0.8448],
          [ 1.8034,  1.9080,  1.8383,  ...,  0.6531,  0.6879,  0.6008],
          [ 1.6465,  1.7511,  1.8034,  ...,  0.7576,  0.8274,  0.9668],
          ...,
          [ 2.5529,  2.5006,  2.5180,  ..., -1.3164, -1.3861, -1.4036],
          [ 2.5529,  2.5877,  2.5703,  ..., -1.3513, -1.3861, -1.3513],
          [ 2.5354,  2.6051,  2.5354,  ..., -1.3687, -1.3687, -1.2641]]],
        [[[ 0.7591,  0.7077,  0.6906,  ..., -0.5767, -0.5938, -0.6281],
          [ 0.7419,  0.7248,  0.7248,  ..., -0.6281, -0.6452, -0.6281],
          [ 0.8447,  0.7933,  0.7591,  ..., -0.3712, -0.5424, -0.7308],
          ...,
          [ 2.1462,  2.1804,  2.1804,  ..., -0.7993, -0.9363, -0.9020],
          [ 2.0948,  2.1290,  2.1633,  ..., -0.7822, -0.9192, -0.8849],
          [ 2.0777,  2.1119,  2.1633,  ..., -0.6623, -0.8849, -1.2274]],
         [[ 0.9055,  0.8529,  0.8354,  ..., -0.4601, -0.4776, -0.5126],
          [ 0.8880,  0.8704,  0.8704,  ..., -0.5126, -0.5301, -0.5126],
          [ 0.9930,  0.9405,  0.9055,  ..., -0.2500, -0.4251, -0.6176],
          ...,
          [ 2.3235,  2.3585,  2.3585,  ..., -0.6877, -0.8277, -0.7927],
          [ 2.2710,  2.3060,  2.3410,  ..., -0.6702, -0.8102, -0.7752],
          [ 2.2535,  2.2885,  2.3410,  ..., -0.5476, -0.7752, -1.1253]],
         [[ 1.1237,  1.0714,  1.0539,  ..., -0.2358, -0.2532, -0.2881],
          [ 1.1062,  1.0888,  1.0888,  ..., -0.2881, -0.3055, -0.2881],
          [ 1.2108,  1.1585,  1.1237,  ..., -0.0267, -0.2010, -0.3927],
          ...,
          [ 2.5354,  2.5703,  2.5703,  ..., -0.4624, -0.6018, -0.5670],
          [ 2.4831,  2.5180,  2.5529,  ..., -0.4450, -0.5844, -0.5495],
          [ 2.4657,  2.5006,  2.5529,  ..., -0.3230, -0.5495, -0.8981]]],
        [[[-1.9980, -1.9980, -2.0152,  ..., -2.0152, -2.0323, -2.0323],
          [-2.0837, -2.0837, -2.1008,  ..., -2.0323, -2.0665, -2.0494],
          [-2.1179, -2.1179, -2.1179,  ..., -2.0665, -2.1008, -2.0665],
          ...,
          [ 0.8961,  0.9474,  1.0331,  ...,  2.1119,  2.0777,  2.0948],
          [ 0.8447,  1.0159,  0.9817,  ...,  2.0948,  2.1290,  2.1119],
          [ 1.0331,  0.9817,  0.9817,  ...,  2.0948,  2.1462,  2.1290]],
         [[-1.9132, -1.9132, -1.9307,  ..., -1.9307, -1.9482, -1.9482],
          [-2.0007, -2.0007, -2.0182,  ..., -1.9482, -1.9832, -1.9657],
          [-2.0357, -2.0357, -2.0357,  ..., -1.9832, -2.0182, -1.9832],
          ...,
          [ 1.0455,  1.0980,  1.1856,  ...,  2.2885,  2.2535,  2.2710],
          [ 0.9930,  1.1681,  1.1331,  ...,  2.2710,  2.3060,  2.2885],
          [ 1.1856,  1.1331,  1.1331,  ...,  2.2710,  2.3235,  2.3060]],
         [[-1.6824, -1.6824, -1.6999,  ..., -1.6999, -1.7173, -1.7173],
          [-1.7696, -1.7696, -1.7870,  ..., -1.7173, -1.7522, -1.7347],
          [-1.8044, -1.8044, -1.8044,  ..., -1.7522, -1.7870, -1.7522],
          ...,
          [ 1.2631,  1.3154,  1.4025,  ...,  2.5006,  2.4657,  2.4831],
          [ 1.2108,  1.3851,  1.3502,  ...,  2.4831,  2.5180,  2.5006],
          [ 1.4025,  1.3502,  1.3502,  ...,  2.4831,  2.5354,  2.5180]]],
        ...,
        [[[-2.1008, -2.1008, -2.1008,  ..., -1.4843, -1.6213, -1.6213],
          [-2.1008, -2.1008, -2.1008,  ..., -1.6213, -1.6384, -1.6042],
          [-2.1008, -2.1008, -2.0837,  ..., -1.6213, -1.7069, -1.6213],
          ...,
          [ 1.5982,  0.8447,  0.9988,  ..., -1.2959, -1.2103, -0.8335],
          [ 1.1529,  0.6392,  1.0159,  ..., -1.0219, -0.9534, -1.0048],
          [ 0.6221,  0.5878,  1.1187,  ..., -0.9705, -0.9192, -0.8507]],
         [[-2.0182, -2.0182, -2.0182,  ..., -1.3880, -1.5280, -1.5280],
          [-2.0182, -2.0182, -2.0182,  ..., -1.5280, -1.5455, -1.5105],
          [-2.0182, -2.0182, -2.0007,  ..., -1.5280, -1.6155, -1.5280],
          ...,
          [ 1.7633,  0.9930,  1.1506,  ..., -1.1954, -1.1078, -0.7227],
          [ 1.3081,  0.7829,  1.1681,  ..., -0.9153, -0.8452, -0.8978],
          [ 0.7654,  0.7304,  1.2731,  ..., -0.8627, -0.8102, -0.7402]],
         [[-1.7870, -1.7870, -1.7870,  ..., -1.1596, -1.2990, -1.2990],
          [-1.7870, -1.7870, -1.7870,  ..., -1.2990, -1.3164, -1.2816],
          [-1.7870, -1.7870, -1.7696,  ..., -1.2990, -1.3861, -1.2990],
          ...,
          [ 1.9777,  1.2108,  1.3677,  ..., -0.9678, -0.8807, -0.4973],
          [ 1.5245,  1.0017,  1.3851,  ..., -0.6890, -0.6193, -0.6715],
          [ 0.9842,  0.9494,  1.4897,  ..., -0.6367, -0.5844, -0.5147]]],
        [[[-0.3712, -0.3712, -0.3883,  ...,  0.0569,  0.3481,  0.5022],
          [-0.3712, -0.3712, -0.3883,  ...,  0.0741,  0.3481,  0.4851],
          [-0.3883, -0.3883, -0.4054,  ...,  0.0912,  0.3481,  0.4679],
          ...,
          [ 0.8618,  0.8789,  0.9474,  ...,  0.6734,  0.5364,  0.4679],
          [ 0.9303,  0.9303,  0.9303,  ...,  0.6906,  0.5707,  0.5022],
          [ 0.9646,  0.9474,  0.9303,  ...,  0.7077,  0.5878,  0.5193]],
         [[-0.2500, -0.2500, -0.2675,  ...,  0.1877,  0.4853,  0.6429],
          [-0.2500, -0.2500, -0.2675,  ...,  0.2052,  0.4853,  0.6254],
          [-0.2675, -0.2675, -0.2850,  ...,  0.2227,  0.4853,  0.6078],
          ...,
          [ 1.0105,  1.0280,  1.0980,  ...,  0.8179,  0.6779,  0.6078],
          [ 1.0805,  1.0805,  1.0805,  ...,  0.8354,  0.7129,  0.6429],
          [ 1.1155,  1.0980,  1.0805,  ...,  0.8529,  0.7304,  0.6604]],
         [[-0.0267, -0.0267, -0.0441,  ...,  0.4091,  0.7054,  0.8622],
          [-0.0267, -0.0267, -0.0441,  ...,  0.4265,  0.7054,  0.8448],
          [-0.0441, -0.0441, -0.0615,  ...,  0.4439,  0.7054,  0.8274],
          ...,
          [ 1.2282,  1.2457,  1.3154,  ...,  1.0365,  0.8971,  0.8274],
          [ 1.2980,  1.2980,  1.2980,  ...,  1.0539,  0.9319,  0.8622],
          [ 1.3328,  1.3154,  1.2980,  ...,  1.0714,  0.9494,  0.8797]]],
        [[[ 0.1083,  0.3823,  1.0502,  ...,  0.0056,  0.0741,  0.0569],
          [ 0.6734,  1.9064,  1.8208,  ..., -0.2342, -0.3712, -0.3198],
          [ 1.6495,  1.6495,  0.8961,  ..., -0.2513, -0.3027, -0.4054],
          ...,
          [ 1.5982,  0.8961,  0.7591,  ..., -0.0458, -0.0287,  0.0741],
          [ 0.8618,  0.6221,  0.4508,  ..., -0.0801,  0.0398, -0.0972],
          [ 0.2624,  0.1597, -0.0629,  ..., -0.0287,  0.0912, -0.0287]],
         [[ 0.2402,  0.5203,  1.2031,  ...,  0.1352,  0.2052,  0.1877],
          [ 0.8179,  2.0784,  1.9909,  ..., -0.1099, -0.2500, -0.1975],
          [ 1.8158,  1.8158,  1.0455,  ..., -0.1275, -0.1800, -0.2850],
          ...,
          [ 1.7633,  1.0455,  0.9055,  ...,  0.0826,  0.1001,  0.2052],
          [ 1.0105,  0.7654,  0.5903,  ...,  0.0476,  0.1702,  0.0301],
          [ 0.3978,  0.2927,  0.0651,  ...,  0.1001,  0.2227,  0.1001]],
         [[ 0.4614,  0.7402,  1.4200,  ...,  0.3568,  0.4265,  0.4091],
          [ 1.0365,  2.2914,  2.2043,  ...,  0.1128, -0.0267,  0.0256],
          [ 2.0300,  2.0300,  1.2631,  ...,  0.0953,  0.0431, -0.0615],
          ...,
          [ 1.9777,  1.2631,  1.1237,  ...,  0.3045,  0.3219,  0.4265],
          [ 1.2282,  0.9842,  0.8099,  ...,  0.2696,  0.3916,  0.2522],
          [ 0.6182,  0.5136,  0.2871,  ...,  0.3219,  0.4439,  0.3219]]]],
       device='cuda:0')
y: tensor([], device='cuda:0', size=(10, 0))
output: tensor([[-0.2875, -1.2132],
        [-0.0224, -0.5540],
        [-0.3881, -0.9456],
        [-0.1899, -0.6231],
        [-0.2392, -0.6525],
        [-0.2063, -0.8325],
        [-0.3139, -1.1963],
        [-0.1925, -0.4791],
        [-0.2298, -0.7042],
        [-0.1626, -0.7481]], device='cuda:0', grad_fn=<AddmmBackward>)
x: tensor([[[[-2.1179, -2.1179, -2.1179,  ..., -2.1179, -2.1179, -2.1179],
          [-2.1179, -2.1179, -2.1179,  ..., -2.1179, -2.1179, -2.1179],
          [-2.1179, -2.1179, -2.1179,  ..., -2.1179, -2.1179, -2.1179],
          ...,
          [-2.1179, -2.1179, -2.1179,  ..., -2.1179, -2.1179, -2.1179],
          [-2.1179, -2.1179, -2.1179,  ..., -2.1179, -2.1179, -2.1179],
          [-2.1179, -2.1179, -2.1179,  ..., -2.1179, -2.1179, -2.1179]],
         [[-2.0357, -2.0357, -2.0357,  ..., -2.0357, -2.0357, -2.0357],
          [-2.0357, -2.0357, -2.0357,  ..., -2.0357, -2.0357, -2.0357],
          [-2.0357, -2.0357, -2.0357,  ..., -2.0357, -2.0357, -2.0357],
          ...,
          [-2.0357, -2.0357, -2.0357,  ..., -2.0357, -2.0357, -2.0357],
          [-2.0357, -2.0357, -2.0357,  ..., -2.0357, -2.0357, -2.0357],
          [-2.0357, -2.0357, -2.0357,  ..., -2.0357, -2.0357, -2.0357]],
         [[-1.8044, -1.8044, -1.8044,  ..., -1.8044, -1.8044, -1.8044],
          [-1.8044, -1.8044, -1.8044,  ..., -1.8044, -1.8044, -1.8044],
          [-1.8044, -1.8044, -1.8044,  ..., -1.8044, -1.8044, -1.8044],
          ...,
          [-1.8044, -1.8044, -1.8044,  ..., -1.8044, -1.8044, -1.8044],
          [-1.8044, -1.8044, -1.8044,  ..., -1.8044, -1.8044, -1.8044],
          [-1.8044, -1.8044, -1.8044,  ..., -1.8044, -1.8044, -1.8044]]],
        [[[ 1.8037,  1.7865,  1.7180,  ..., -2.1179, -2.1179, -2.1179],
          [ 1.6495,  1.6838,  1.7009,  ..., -2.1179, -2.1179, -2.1179],
          [ 1.4098,  1.4954,  1.6838,  ..., -2.1179, -2.1179, -2.1179],
          ...,
          [-0.6452, -0.5938, -0.4568,  ..., -2.1179, -2.1179, -2.1179],
          [-0.6109, -0.5767, -0.5424,  ..., -2.1179, -2.1179, -2.1179],
          [-0.5767, -0.5767, -0.5938,  ..., -2.1179, -2.1179, -2.1179]],
         [[ 1.9734,  1.9559,  1.8859,  ..., -2.0357, -2.0357, -2.0357],
          [ 1.8158,  1.8508,  1.8683,  ..., -2.0357, -2.0357, -2.0357],
          [ 1.5707,  1.6583,  1.8508,  ..., -2.0357, -2.0357, -2.0357],
          ...,
          [-0.5301, -0.4776, -0.3375,  ..., -2.0357, -2.0357, -2.0357],
          [-0.4951, -0.4601, -0.4251,  ..., -2.0357, -2.0357, -2.0357],
          [-0.4601, -0.4601, -0.4776,  ..., -2.0357, -2.0357, -2.0357]],
         [[ 2.1868,  2.1694,  2.0997,  ..., -1.8044, -1.8044, -1.8044],
          [ 2.0300,  2.0648,  2.0823,  ..., -1.8044, -1.8044, -1.8044],
          [ 1.7860,  1.8731,  2.0648,  ..., -1.8044, -1.8044, -1.8044],
          ...,
          [-0.3055, -0.2532, -0.1138,  ..., -1.8044, -1.8044, -1.8044],
          [-0.2707, -0.2358, -0.2010,  ..., -1.8044, -1.8044, -1.8044],
          [-0.2358, -0.2358, -0.2532,  ..., -1.8044, -1.8044, -1.8044]]],
        [[[-1.1760, -1.1589, -1.1418,  ..., -0.6965, -0.5253, -0.5424],
          [-1.3302, -1.3130, -1.3302,  ..., -0.7479, -0.6281, -0.5938],
          [-1.4158, -1.3644, -1.3644,  ..., -0.6623, -0.6109, -0.5596],
          ...,
          [ 1.8722,  1.9749,  1.9749,  ...,  0.5536,  0.8447,  0.7591],
          [ 1.8037,  1.9578,  1.9749,  ...,  0.7591,  0.9988,  0.5878],
          [ 1.8550,  1.9064,  1.9749,  ...,  1.0502,  1.2899,  0.4337]],
         [[-1.0728, -1.0553, -1.0378,  ..., -0.5826, -0.4076, -0.4251],
          [-1.2304, -1.2129, -1.2304,  ..., -0.6352, -0.5126, -0.4776],
          [-1.3179, -1.2654, -1.2654,  ..., -0.5476, -0.4951, -0.4426],
          ...,
          [ 2.0434,  2.1485,  2.1485,  ...,  0.6954,  0.9930,  0.9055],
          [ 1.9734,  2.1310,  2.1485,  ...,  0.9055,  1.1506,  0.7304],
          [ 2.0259,  2.0784,  2.1485,  ...,  1.2031,  1.4482,  0.5728]],
         [[-0.8458, -0.8284, -0.8110,  ..., -0.3578, -0.1835, -0.2010],
          [-1.0027, -0.9853, -1.0027,  ..., -0.4101, -0.2881, -0.2532],
          [-1.0898, -1.0376, -1.0376,  ..., -0.3230, -0.2707, -0.2184],
          ...,
          [ 2.2566,  2.3611,  2.3611,  ...,  0.9145,  1.2108,  1.1237],
          [ 2.1868,  2.3437,  2.3611,  ...,  1.1237,  1.3677,  0.9494],
          [ 2.2391,  2.2914,  2.3611,  ...,  1.4200,  1.6640,  0.7925]]],
        ...,
        [[[ 0.9646,  1.0159,  1.0844,  ...,  1.3584,  1.3070,  1.2728],
          [ 0.9817,  1.0331,  1.0844,  ...,  1.3413,  1.2899,  1.2557],
          [ 1.0159,  1.0502,  1.0844,  ...,  1.3242,  1.2557,  1.2214],
          ...,
          [ 2.1290,  2.0948,  2.0605,  ...,  2.2489,  2.2489,  2.2489],
          [ 2.1119,  2.0777,  2.0434,  ...,  2.2318,  2.2489,  2.2489],
          [ 2.1119,  2.0777,  2.0434,  ...,  2.2318,  2.2489,  2.2489]],
         [[ 1.1155,  1.1681,  1.2381,  ...,  1.5182,  1.4657,  1.4307],
          [ 1.1331,  1.1856,  1.2381,  ...,  1.5007,  1.4482,  1.4132],
          [ 1.1681,  1.2031,  1.2381,  ...,  1.4832,  1.4132,  1.3782],
          ...,
          [ 2.3060,  2.2710,  2.2360,  ...,  2.4286,  2.4286,  2.4286],
          [ 2.2885,  2.2535,  2.2185,  ...,  2.4111,  2.4286,  2.4286],
          [ 2.2885,  2.2535,  2.2185,  ...,  2.4111,  2.4286,  2.4286]],
         [[ 1.3328,  1.3851,  1.4548,  ...,  1.7337,  1.6814,  1.6465],
          [ 1.3502,  1.4025,  1.4548,  ...,  1.7163,  1.6640,  1.6291],
          [ 1.3851,  1.4200,  1.4548,  ...,  1.6988,  1.6291,  1.5942],
          ...,
          [ 2.5180,  2.4831,  2.4483,  ...,  2.6400,  2.6400,  2.6400],
          [ 2.5006,  2.4657,  2.4308,  ...,  2.6226,  2.6400,  2.6400],
          [ 2.5006,  2.4657,  2.4308,  ...,  2.6226,  2.6400,  2.6400]]],
        [[[-1.7412, -1.7754, -1.8097,  ..., -2.0494, -2.0494, -2.0494],
          [-1.7240, -1.7754, -1.8268,  ..., -2.0494, -2.0494, -2.0665],
          [-1.7240, -1.7754, -1.8268,  ..., -2.0837, -2.0323, -2.0494],
          ...,
          [-1.6727, -1.6213, -1.5699,  ..., -0.6965, -0.7308, -0.7822],
          [-1.6555, -1.5870, -1.5699,  ..., -0.6794, -0.7137, -0.8335],
          [-1.6384, -1.5699, -1.5699,  ..., -0.7308, -0.6965, -0.7993]],
         [[-1.6506, -1.6856, -1.7206,  ..., -1.9657, -1.9657, -1.9657],
          [-1.6331, -1.6856, -1.7381,  ..., -1.9657, -1.9657, -1.9832],
          [-1.6331, -1.6856, -1.7381,  ..., -2.0007, -1.9482, -1.9657],
          ...,
          [-1.5805, -1.5280, -1.4755,  ..., -0.5826, -0.6176, -0.6702],
          [-1.5630, -1.4930, -1.4755,  ..., -0.5651, -0.6001, -0.7227],
          [-1.5455, -1.4755, -1.4755,  ..., -0.6176, -0.5826, -0.6877]],
         [[-1.4210, -1.4559, -1.4907,  ..., -1.7347, -1.7347, -1.7347],
          [-1.4036, -1.4559, -1.5081,  ..., -1.7347, -1.7347, -1.7522],
          [-1.4036, -1.4559, -1.5081,  ..., -1.7696, -1.7173, -1.7347],
          ...,
          [-1.3513, -1.2990, -1.2467,  ..., -0.3578, -0.3927, -0.4450],
          [-1.3339, -1.2641, -1.2467,  ..., -0.3404, -0.3753, -0.4973],
          [-1.3164, -1.2467, -1.2467,  ..., -0.3927, -0.3578, -0.4624]]],
        [[[-0.6965, -0.6965, -0.5938,  ..., -0.9534, -1.0562, -1.1418],
          [-0.6794, -0.5767, -0.4739,  ..., -0.9534, -1.0390, -1.1589],
          [-0.7479, -0.5767, -0.2684,  ..., -0.9534, -1.0048, -1.1075],
          ...,
          [-0.7822, -0.9705, -1.0904,  ..., -1.8097, -1.7754, -1.8268],
          [-0.8335, -1.0048, -1.0904,  ..., -1.8097, -1.7754, -1.8439],
          [-0.8164, -0.9705, -1.1247,  ..., -1.8439, -1.7240, -1.7925]],
         [[-0.5826, -0.5826, -0.4776,  ..., -0.8452, -0.9503, -1.0378],
          [-0.5651, -0.4601, -0.3550,  ..., -0.8452, -0.9328, -1.0553],
          [-0.6352, -0.4601, -0.1450,  ..., -0.8452, -0.8978, -1.0028],
          ...,
          [-0.6702, -0.8627, -0.9853,  ..., -1.7206, -1.6856, -1.7381],
          [-0.7227, -0.8978, -0.9853,  ..., -1.7206, -1.6856, -1.7556],
          [-0.7052, -0.8627, -1.0203,  ..., -1.7556, -1.6331, -1.7031]],
         [[-0.3578, -0.3578, -0.2532,  ..., -0.6193, -0.7238, -0.8110],
          [-0.3404, -0.2358, -0.1312,  ..., -0.6193, -0.7064, -0.8284],
          [-0.4101, -0.2358,  0.0779,  ..., -0.6193, -0.6715, -0.7761],
          ...,
          [-0.4450, -0.6367, -0.7587,  ..., -1.4907, -1.4559, -1.5081],
          [-0.4973, -0.6715, -0.7587,  ..., -1.4907, -1.4559, -1.5256],
          [-0.4798, -0.6367, -0.7936,  ..., -1.5256, -1.4036, -1.4733]]]],
       device='cuda:0')
y: tensor([], device='cuda:0', size=(10, 0))
output: tensor([[-0.1993, -0.5053],
        [-0.2494, -0.3990],
        [-0.3552, -0.8849],
        [-0.0881, -0.4386],
        [-0.2834, -1.4469],
        [-0.2105, -0.7530],
        [-0.2935, -0.7022],
        [-0.1335, -0.5995],
        [-0.1730, -0.9208],
        [-0.2112, -0.9390]], device='cuda:0', grad_fn=<AddmmBackward>)
x: tensor([[[[-0.6623, -0.8164, -0.8849,  ..., -1.8953, -1.9295, -1.9809],
          [-0.3712, -0.6965, -0.6109,  ..., -1.9295, -1.9638, -2.1008],
          [-0.4911, -0.7308,  0.0056,  ..., -1.9295, -2.0323, -2.1008],
          ...,
          [ 1.7009,  1.7009,  1.6495,  ...,  1.1187,  1.1358,  1.0331],
          [ 1.7352,  1.7523,  1.7523,  ...,  1.0844,  1.0844,  1.0844],
          [ 1.7009,  1.7352,  1.7180,  ...,  1.1187,  1.0844,  1.0502]],
         [[-0.5476, -0.7052, -0.7752,  ..., -1.8081, -1.8431, -1.8957],
          [-0.2500, -0.5826, -0.4951,  ..., -1.8431, -1.8782, -2.0182],
          [-0.3725, -0.6176,  0.1352,  ..., -1.8431, -1.9482, -2.0182],
          ...,
          [ 1.8683,  1.8683,  1.8158,  ...,  1.2731,  1.2906,  1.1856],
          [ 1.9034,  1.9209,  1.9209,  ...,  1.2381,  1.2381,  1.2381],
          [ 1.8683,  1.9034,  1.8859,  ...,  1.2731,  1.2381,  1.2031]],
         [[-0.3230, -0.4798, -0.5495,  ..., -1.5779, -1.6127, -1.6650],
          [-0.0267, -0.3578, -0.2707,  ..., -1.6127, -1.6476, -1.7870],
          [-0.1487, -0.3927,  0.3568,  ..., -1.6127, -1.7173, -1.7870],
          ...,
          [ 2.0823,  2.0823,  2.0300,  ...,  1.4897,  1.5071,  1.4025],
          [ 2.1171,  2.1346,  2.1346,  ...,  1.4548,  1.4548,  1.4548],
          [ 2.0823,  2.1171,  2.0997,  ...,  1.4897,  1.4548,  1.4200]]],
        [[[-0.7479, -0.7479, -0.7308,  ...,  0.4337,  0.4508,  0.3652],
          [-0.9020, -0.8335, -0.7993,  ...,  0.4166,  0.4679,  0.4337],
          [-0.9192, -0.8335, -0.7822,  ...,  0.4166,  0.5193,  0.4508],
          ...,
          [ 1.9235,  1.8208,  1.8037,  ...,  0.3138,  0.3652,  0.3994],
          [ 1.8722,  1.8037,  1.8208,  ...,  0.4166,  0.3823,  0.3138],
          [ 1.8037,  1.8379,  1.8722,  ...,  0.6221,  0.4679,  0.2967]],
         [[-0.6352, -0.6352, -0.6176,  ...,  0.5728,  0.5903,  0.5028],
          [-0.7927, -0.7227, -0.6877,  ...,  0.5553,  0.6078,  0.5728],
          [-0.8102, -0.7227, -0.6702,  ...,  0.5553,  0.6604,  0.5903],
          ...,
          [ 2.0959,  1.9909,  1.9734,  ...,  0.4503,  0.5028,  0.5378],
          [ 2.0434,  1.9734,  1.9909,  ...,  0.5553,  0.5203,  0.4503],
          [ 1.9734,  2.0084,  2.0434,  ...,  0.7654,  0.6078,  0.4328]],
         [[-0.4101, -0.4101, -0.3927,  ...,  0.7925,  0.8099,  0.7228],
          [-0.5670, -0.4973, -0.4624,  ...,  0.7751,  0.8274,  0.7925],
          [-0.5844, -0.4973, -0.4450,  ...,  0.7751,  0.8797,  0.8099],
          ...,
          [ 2.3088,  2.2043,  2.1868,  ...,  0.6705,  0.7228,  0.7576],
          [ 2.2566,  2.1868,  2.2043,  ...,  0.7751,  0.7402,  0.6705],
          [ 2.1868,  2.2217,  2.2566,  ...,  0.9842,  0.8274,  0.6531]]],
        [[[-1.7412, -1.6555, -1.6898,  ..., -0.1486, -0.2342, -0.1999],
          [-1.7069, -1.5185, -1.5185,  ...,  0.2282, -0.0116, -0.0458],
          [-1.6898, -1.5870, -1.4672,  ...,  0.1939,  0.3994,  0.4679],
          ...,
          [ 0.5364,  0.3823,  0.2624,  ...,  1.7523,  1.7009,  1.7865],
          [ 0.2967,  0.2796,  0.2796,  ...,  1.8037,  1.7523,  1.8037],
          [ 0.1939,  0.1768,  0.3994,  ...,  1.7523,  1.7180,  1.7865]],
         [[-1.6506, -1.5630, -1.5980,  ..., -0.0224, -0.1099, -0.0749],
          [-1.6155, -1.4230, -1.4230,  ...,  0.3627,  0.1176,  0.0826],
          [-1.5980, -1.4930, -1.3704,  ...,  0.3277,  0.5378,  0.6078],
          ...,
          [ 0.6779,  0.5203,  0.3978,  ...,  1.9209,  1.8683,  1.9559],
          [ 0.4328,  0.4153,  0.4153,  ...,  1.9734,  1.9209,  1.9734],
          [ 0.3277,  0.3102,  0.5378,  ...,  1.9209,  1.8859,  1.9559]],
         [[-1.4210, -1.3339, -1.3687,  ...,  0.1999,  0.1128,  0.1476],
          [-1.3861, -1.1944, -1.1944,  ...,  0.5834,  0.3393,  0.3045],
          [-1.3687, -1.2641, -1.1421,  ...,  0.5485,  0.7576,  0.8274],
          ...,
          [ 0.8971,  0.7402,  0.6182,  ...,  2.1346,  2.0823,  2.1694],
          [ 0.6531,  0.6356,  0.6356,  ...,  2.1868,  2.1346,  2.1868],
          [ 0.5485,  0.5311,  0.7576,  ...,  2.1346,  2.0997,  2.1694]]],
        ...,
        [[[ 1.0331,  1.1015,  1.2043,  ...,  1.1015,  1.0844,  1.0673],
          [ 1.1187,  1.1358,  1.1700,  ...,  1.1872,  1.1358,  1.0844],
          [ 1.2385,  1.1872,  1.1187,  ...,  1.3070,  1.1872,  1.1015],
          ...,
          [ 0.0227,  0.1426,  0.3481,  ...,  1.9407,  1.8722,  1.8379],
          [ 0.1597,  0.1939,  0.2453,  ...,  1.9407,  1.8379,  1.7865],
          [ 0.2624,  0.2282,  0.1597,  ...,  1.9407,  1.8208,  1.7523]],
         [[ 1.1856,  1.2556,  1.3606,  ...,  1.2556,  1.2381,  1.2206],
          [ 1.2731,  1.2906,  1.3256,  ...,  1.3431,  1.2906,  1.2381],
          [ 1.3957,  1.3431,  1.2731,  ...,  1.4657,  1.3431,  1.2556],
          ...,
          [ 0.1527,  0.2752,  0.4853,  ...,  2.1134,  2.0434,  2.0084],
          [ 0.2927,  0.3277,  0.3803,  ...,  2.1134,  2.0084,  1.9559],
          [ 0.3978,  0.3627,  0.2927,  ...,  2.1134,  1.9909,  1.9209]],
         [[ 1.4025,  1.4722,  1.5768,  ...,  1.4722,  1.4548,  1.4374],
          [ 1.4897,  1.5071,  1.5420,  ...,  1.5594,  1.5071,  1.4548],
          [ 1.6117,  1.5594,  1.4897,  ...,  1.6814,  1.5594,  1.4722],
          ...,
          [ 0.3742,  0.4962,  0.7054,  ...,  2.3263,  2.2566,  2.2217],
          [ 0.5136,  0.5485,  0.6008,  ...,  2.3263,  2.2217,  2.1694],
          [ 0.6182,  0.5834,  0.5136,  ...,  2.3263,  2.2043,  2.1346]]],
        [[[-0.4739, -0.3883,  0.0056,  ..., -1.9295, -1.9295, -1.9124],
          [-0.3883, -0.3883, -0.3198,  ..., -1.9124, -1.9124, -1.9124],
          [-0.4397, -0.5253, -0.3712,  ..., -1.8953, -1.8953, -1.8782],
          ...,
          [-1.0733, -0.9020, -0.8678,  ...,  1.9064,  1.8722,  1.8037],
          [-1.2274, -1.0733, -0.9534,  ...,  1.9407,  1.8379,  1.8379],
          [-1.2274, -1.1760, -0.9363,  ...,  1.9407,  1.8550,  1.8208]],
         [[-0.3550, -0.2675,  0.1352,  ..., -1.8431, -1.8431, -1.8256],
          [-0.2675, -0.2675, -0.1975,  ..., -1.8256, -1.8256, -1.8256],
          [-0.3200, -0.4076, -0.2500,  ..., -1.8081, -1.8081, -1.7906],
          ...,
          [-0.9678, -0.7927, -0.7577,  ...,  2.0784,  2.0434,  1.9734],
          [-1.1253, -0.9678, -0.8452,  ...,  2.1134,  2.0084,  2.0084],
          [-1.1253, -1.0728, -0.8277,  ...,  2.1134,  2.0259,  1.9909]],
         [[-0.1312, -0.0441,  0.3568,  ..., -1.6127, -1.6127, -1.5953],
          [-0.0441, -0.0441,  0.0256,  ..., -1.5953, -1.5953, -1.5953],
          [-0.0964, -0.1835, -0.0267,  ..., -1.5779, -1.5779, -1.5604],
          ...,
          [-0.7413, -0.5670, -0.5321,  ...,  2.2914,  2.2566,  2.1868],
          [-0.8981, -0.7413, -0.6193,  ...,  2.3263,  2.2217,  2.2217],
          [-0.8981, -0.8458, -0.6018,  ...,  2.3263,  2.2391,  2.2043]]],
        [[[-1.4843, -1.4843, -1.5185,  ..., -1.9980, -1.9980, -1.9980],
          [-1.7412, -1.7240, -1.7412,  ..., -1.9124, -1.9467, -1.9295],
          [-1.8268, -1.7925, -1.8097,  ..., -1.7412, -1.7583, -1.7925],
          ...,
          [-1.3815, -1.2617, -1.0562,  ...,  1.4954,  1.4440,  1.3584],
          [-1.3130, -1.2274, -1.1418,  ...,  1.4612,  1.5297,  1.4269],
          [-1.3473, -1.1932, -1.1075,  ...,  1.4954,  1.4783,  1.4954]],
         [[-1.3880, -1.3880, -1.4230,  ..., -1.9132, -1.9132, -1.9132],
          [-1.6506, -1.6331, -1.6506,  ..., -1.8256, -1.8606, -1.8431],
          [-1.7381, -1.7031, -1.7206,  ..., -1.6506, -1.6681, -1.7031],
          ...,
          [-1.2829, -1.1604, -0.9503,  ...,  1.6583,  1.6057,  1.5182],
          [-1.2129, -1.1253, -1.0378,  ...,  1.6232,  1.6933,  1.5882],
          [-1.2479, -1.0903, -1.0028,  ...,  1.6583,  1.6408,  1.6583]],
         [[-1.1596, -1.1596, -1.1944,  ..., -1.6824, -1.6824, -1.6824],
          [-1.4210, -1.4036, -1.4210,  ..., -1.5953, -1.6302, -1.6127],
          [-1.5081, -1.4733, -1.4907,  ..., -1.4210, -1.4384, -1.4733],
          ...,
          [-1.0550, -0.9330, -0.7238,  ...,  1.8731,  1.8208,  1.7337],
          [-0.9853, -0.8981, -0.8110,  ...,  1.8383,  1.9080,  1.8034],
          [-1.0201, -0.8633, -0.7761,  ...,  1.8731,  1.8557,  1.8731]]]],
       device='cuda:0')
y: tensor([], device='cuda:0', size=(10, 0))
  0%|                                                 | 0/1000 [00:10<?, ?it/s]
multiprocessing.pool.RemoteTraceback:
"""
Traceback (most recent call last):
  File "/home/aiotlab/anaconda3/envs/longvaipe/lib/python3.8/multiprocessing/pool.py", line 125, in worker
    result = (True, func(*args, **kwds))
  File "/home/aiotlab/anaconda3/envs/longvaipe/lib/python3.8/multiprocessing/pool.py", line 48, in mapstar
    return list(map(*args))
  File "/mnt/disk1/dungnt/federated-learning-dqn/utils/trainer.py", line 40, in train
    _, start_inference_loss = test(model, train_dataloader)
  File "/mnt/disk1/dungnt/federated-learning-dqn/utils/trainer.py", line 95, in test
    loss += cel(output, y).item()
  File "/home/aiotlab/anaconda3/envs/longvaipe/lib/python3.8/site-packages/torch/nn/modules/module.py", line 889, in _call_impl
    result = self.forward(*input, **kwargs)
  File "/home/aiotlab/anaconda3/envs/longvaipe/lib/python3.8/site-packages/torch/nn/modules/loss.py", line 1047, in forward
    return F.cross_entropy(input, target, weight=self.weight,
  File "/home/aiotlab/anaconda3/envs/longvaipe/lib/python3.8/site-packages/torch/nn/functional.py", line 2690, in cross_entropy
    return nll_loss(log_softmax(input, 1), target, weight, None, ignore_index, None, reduction)
  File "/home/aiotlab/anaconda3/envs/longvaipe/lib/python3.8/site-packages/torch/nn/functional.py", line 2385, in nll_loss
    ret = torch._C._nn.nll_loss(input, target, weight, _Reduction.get_enum(reduction), ignore_index)
RuntimeError: Expected object of scalar type Long but got scalar type Float for argument #2 'target' in call to _thnn_nll_loss_forward
"""
The above exception was the direct cause of the following exception:
Traceback (most recent call last):
  File "train.py", line 344, in <module>
    main(args)
  File "train.py", line 199, in main
    pool.map(
  File "/home/aiotlab/anaconda3/envs/longvaipe/lib/python3.8/multiprocessing/pool.py", line 364, in map
    return self._map_async(func, iterable, mapstar, chunksize).get()
  File "/home/aiotlab/anaconda3/envs/longvaipe/lib/python3.8/multiprocessing/pool.py", line 771, in get
    raise self._value
RuntimeError: Expected object of scalar type Long but got scalar type Float for argument #2 'target' in call to _thnn_nll_loss_forward