>>> START RUNNING: FedAVG-Equal-Non-IID-01-2.1.1 - Train mode: benchmark - Dataset: chexpert
START LOADING CHEXPERT DATASET...
Init State dim 6
Init Action dim 3
ROUND:  0
[5, 5, 5]
output: tensor([[-0.4675, -0.2501],
        [-0.3748, -0.3402],
        [-0.4312, -0.1421],
        [-0.4261, -0.2202],
        [-0.4285, -0.1690],
        [-0.3283, -0.4435],
        [-0.5391, -0.1222],
        [-0.2243, -0.3238],
        [-0.2656, -0.2643],
        [-0.3571, -0.1963]], device='cuda:0', grad_fn=<AddmmBackward>)
x: tensor([[[[-1.8782, -1.8610, -1.8268,  ...,  0.7248,  0.7248,  0.8276],
          [-1.8782, -1.8439, -1.8268,  ...,  0.7762,  0.7591,  0.8276],
          [-1.8782, -1.8439, -1.8268,  ...,  0.8104,  0.7933,  0.7933],
          ...,
          [-1.6042, -1.5870, -1.5699,  ...,  1.1358,  1.0502,  1.1872],
          [-1.6042, -1.5870, -1.5699,  ...,  1.1015,  1.0331,  1.2043],
          [-1.6042, -1.6042, -1.5699,  ...,  1.0673,  1.0502,  1.2214]],
         [[-1.7906, -1.7731, -1.7381,  ...,  0.8704,  0.8704,  0.9755],
          [-1.7906, -1.7556, -1.7381,  ...,  0.9230,  0.9055,  0.9755],
          [-1.7906, -1.7556, -1.7381,  ...,  0.9580,  0.9405,  0.9405],
          ...,
          [-1.5105, -1.4930, -1.4755,  ...,  1.2906,  1.2031,  1.3431],
          [-1.5105, -1.4930, -1.4755,  ...,  1.2556,  1.1856,  1.3606],
          [-1.5105, -1.5105, -1.4755,  ...,  1.2206,  1.2031,  1.3782]],
         [[-1.5604, -1.5430, -1.5081,  ...,  1.0888,  1.0888,  1.1934],
          [-1.5604, -1.5256, -1.5081,  ...,  1.1411,  1.1237,  1.1934],
          [-1.5604, -1.5256, -1.5081,  ...,  1.1759,  1.1585,  1.1585],
          ...,
          [-1.2816, -1.2641, -1.2467,  ...,  1.5071,  1.4200,  1.5594],
          [-1.2816, -1.2641, -1.2467,  ...,  1.4722,  1.4025,  1.5768],
          [-1.2816, -1.2816, -1.2467,  ...,  1.4374,  1.4200,  1.5942]]],
        [[[ 1.7523,  1.6495,  1.3927,  ..., -0.9877, -1.0904, -0.8678],
          [ 1.4098,  1.4098,  1.2899,  ..., -0.9363, -0.9363, -0.9020],
          [ 1.1872,  1.2557,  1.2557,  ..., -0.9363, -0.8678, -0.9192],
          ...,
          [ 2.0092,  2.0092,  2.0605,  ..., -2.0323, -2.0152, -2.0152],
          [ 2.0092,  2.0263,  2.0605,  ..., -2.0323, -2.0152, -2.0152],
          [ 2.0605,  2.0434,  2.0777,  ..., -2.0323, -2.0152, -2.0152]],
         [[ 1.9209,  1.8158,  1.5532,  ..., -0.8803, -0.9853, -0.7577],
          [ 1.5707,  1.5707,  1.4482,  ..., -0.8277, -0.8277, -0.7927],
          [ 1.3431,  1.4132,  1.4132,  ..., -0.8277, -0.7577, -0.8102],
          ...,
          [ 2.1835,  2.1835,  2.2360,  ..., -1.9482, -1.9307, -1.9307],
          [ 2.1835,  2.2010,  2.2360,  ..., -1.9482, -1.9307, -1.9307],
          [ 2.2360,  2.2185,  2.2535,  ..., -1.9482, -1.9307, -1.9307]],
         [[ 2.1346,  2.0300,  1.7685,  ..., -0.6541, -0.7587, -0.5321],
          [ 1.7860,  1.7860,  1.6640,  ..., -0.6018, -0.6018, -0.5670],
          [ 1.5594,  1.6291,  1.6291,  ..., -0.6018, -0.5321, -0.5844],
          ...,
          [ 2.3960,  2.3960,  2.4483,  ..., -1.7173, -1.6999, -1.6999],
          [ 2.3960,  2.4134,  2.4483,  ..., -1.7173, -1.6999, -1.6999],
          [ 2.4483,  2.4308,  2.4657,  ..., -1.7173, -1.6999, -1.6999]]],
        [[[-1.3302, -1.4672, -1.4843,  ..., -1.8782, -1.8439, -1.8782],
          [-1.3130, -1.4329, -1.4843,  ..., -1.8953, -1.8439, -1.8439],
          [-1.3130, -1.3987, -1.4843,  ..., -1.8953, -1.8439, -1.8097],
          ...,
          [ 1.3584,  1.3755,  1.3927,  ...,  1.8893,  1.9064,  1.9235],
          [ 1.3584,  1.3927,  1.3927,  ...,  1.8893,  1.9407,  1.9064],
          [ 1.3584,  1.3927,  1.3927,  ...,  1.8893,  1.9407,  1.9064]],
         [[-1.2304, -1.3704, -1.3880,  ..., -1.7906, -1.7556, -1.7906],
          [-1.2129, -1.3354, -1.3880,  ..., -1.8081, -1.7556, -1.7556],
          [-1.2129, -1.3004, -1.3880,  ..., -1.8081, -1.7556, -1.7206],
          ...,
          [ 1.5182,  1.5357,  1.5532,  ...,  2.0609,  2.0784,  2.0959],
          [ 1.5182,  1.5532,  1.5532,  ...,  2.0609,  2.1134,  2.0784],
          [ 1.5182,  1.5532,  1.5532,  ...,  2.0609,  2.1134,  2.0784]],
         [[-1.0027, -1.1421, -1.1596,  ..., -1.5604, -1.5256, -1.5604],
          [-0.9853, -1.1073, -1.1596,  ..., -1.5779, -1.5256, -1.5256],
          [-0.9853, -1.0724, -1.1596,  ..., -1.5779, -1.5256, -1.4907],
          ...,
          [ 1.7337,  1.7511,  1.7685,  ...,  2.2740,  2.2914,  2.3088],
          [ 1.7337,  1.7685,  1.7685,  ...,  2.2740,  2.3263,  2.2914],
          [ 1.7337,  1.7685,  1.7685,  ...,  2.2740,  2.3263,  2.2914]]],
        ...,
        [[[-1.2103, -1.1760, -1.1932,  ..., -0.7822, -0.7822, -0.7308],
          [-1.1760, -1.1932, -1.2445,  ..., -0.8507, -0.8507, -0.8678],
          [-1.2617, -1.2617, -1.2617,  ..., -0.8849, -0.9020, -0.8678],
          ...,
          [ 0.3309,  0.4851,  0.6049,  ..., -1.4158, -1.7240, -1.7754],
          [ 0.3994,  0.6221,  0.5878,  ..., -1.6042, -1.8097, -1.8268],
          [ 0.5193,  0.5878,  0.5878,  ..., -1.6213, -1.6555, -1.7412]],
         [[-1.1078, -1.0728, -1.0903,  ..., -0.6702, -0.6702, -0.6176],
          [-1.0728, -1.0903, -1.1429,  ..., -0.7402, -0.7402, -0.7577],
          [-1.1604, -1.1604, -1.1604,  ..., -0.7752, -0.7927, -0.7577],
          ...,
          [ 0.4678,  0.6254,  0.7479,  ..., -1.3179, -1.6331, -1.6856],
          [ 0.5378,  0.7654,  0.7304,  ..., -1.5105, -1.7206, -1.7381],
          [ 0.6604,  0.7304,  0.7304,  ..., -1.5280, -1.5630, -1.6506]],
         [[-0.8807, -0.8458, -0.8633,  ..., -0.4450, -0.4450, -0.3927],
          [-0.8458, -0.8633, -0.9156,  ..., -0.5147, -0.5147, -0.5321],
          [-0.9330, -0.9330, -0.9330,  ..., -0.5495, -0.5670, -0.5321],
          ...,
          [ 0.6879,  0.8448,  0.9668,  ..., -1.0898, -1.4036, -1.4559],
          [ 0.7576,  0.9842,  0.9494,  ..., -1.2816, -1.4907, -1.5081],
          [ 0.8797,  0.9494,  0.9494,  ..., -1.2990, -1.3339, -1.4210]]],
        [[[-1.6042, -1.5699, -1.4843,  ..., -2.0494, -2.0665, -2.1179],
          [-1.5870, -1.5357, -1.5357,  ..., -2.0837, -2.0323, -2.0494],
          [-1.5357, -1.3987, -1.1418,  ..., -2.0323, -2.0837, -2.1008],
          ...,
          [ 1.6153,  1.7180,  1.6324,  ..., -0.1486,  0.1083,  0.2453],
          [ 1.6667,  1.5810,  1.5810,  ..., -0.3541,  0.0569,  0.2453],
          [ 1.7352,  1.6153,  1.6838,  ..., -0.4054,  0.1597,  0.0398]],
         [[-1.5105, -1.4755, -1.3880,  ..., -1.9657, -1.9832, -2.0357],
          [-1.4930, -1.4405, -1.4405,  ..., -2.0007, -1.9482, -1.9657],
          [-1.4405, -1.3004, -1.0378,  ..., -1.9482, -2.0007, -2.0182],
          ...,
          [ 1.7808,  1.8859,  1.7983,  ..., -0.0224,  0.2402,  0.3803],
          [ 1.8333,  1.7458,  1.7458,  ..., -0.2325,  0.1877,  0.3803],
          [ 1.9034,  1.7808,  1.8508,  ..., -0.2850,  0.2927,  0.1702]],
         [[-1.2816, -1.2467, -1.1596,  ..., -1.7347, -1.7522, -1.8044],
          [-1.2641, -1.2119, -1.2119,  ..., -1.7696, -1.7173, -1.7347],
          [-1.2119, -1.0724, -0.8110,  ..., -1.7173, -1.7696, -1.7870],
          ...,
          [ 1.9951,  2.0997,  2.0125,  ...,  0.1999,  0.4614,  0.6008],
          [ 2.0474,  1.9603,  1.9603,  ..., -0.0092,  0.4091,  0.6008],
          [ 2.1171,  1.9951,  2.0648,  ..., -0.0615,  0.5136,  0.3916]]],
        [[[-1.4672, -1.2103, -1.1247,  ...,  2.1290,  2.1290,  2.1290],
          [-1.3473, -1.1932, -1.1075,  ...,  2.1462,  2.1462,  2.1462],
          [-1.1932, -1.1247, -0.9705,  ...,  2.1633,  2.1633,  2.1290],
          ...,
          [ 1.7180,  1.4269,  1.4269,  ...,  0.6049,  0.4679,  0.5193],
          [ 1.5639,  1.4783,  1.4783,  ...,  0.5878,  0.4851,  0.4851],
          [ 1.5297,  1.4440,  1.4440,  ...,  0.6734,  0.5707,  0.7077]],
         [[-1.3704, -1.1078, -1.0203,  ...,  2.3060,  2.3060,  2.3060],
          [-1.2479, -1.0903, -1.0028,  ...,  2.3235,  2.3235,  2.3235],
          [-1.0903, -1.0203, -0.8627,  ...,  2.3410,  2.3410,  2.3060],
          ...,
          [ 1.8859,  1.5882,  1.5882,  ...,  0.7479,  0.6078,  0.6604],
          [ 1.7283,  1.6408,  1.6408,  ...,  0.7304,  0.6254,  0.6254],
          [ 1.6933,  1.6057,  1.6057,  ...,  0.8179,  0.7129,  0.8529]],
         [[-1.1421, -0.8807, -0.7936,  ...,  2.5180,  2.5180,  2.5180],
          [-1.0201, -0.8633, -0.7761,  ...,  2.5354,  2.5354,  2.5354],
          [-0.8633, -0.7936, -0.6367,  ...,  2.5529,  2.5529,  2.5180],
          ...,
          [ 2.0997,  1.8034,  1.8034,  ...,  0.9668,  0.8274,  0.8797],
          [ 1.9428,  1.8557,  1.8557,  ...,  0.9494,  0.8448,  0.8448],
          [ 1.9080,  1.8208,  1.8208,  ...,  1.0365,  0.9319,  1.0714]]]],
       device='cuda:0')
y: tensor([[0., 0., 0., 1., 0., 0., 0., 0., 1., 0., 0., 0., 0., 0.],
        [0., 0., 0., 0., 0., 0., 0., 0., 0., 0., 1., 0., 0., 1.],
        [0., 0., 0., 0., 0., 0., 0., 0., 0., 0., 1., 0., 0., 1.],
        [0., 0., 0., 1., 0., 0., 0., 0., 0., 0., 1., 0., 0., 1.],
        [0., 0., 0., 0., 0., 0., 0., 0., 0., 0., 1., 0., 0., 0.],
        [0., 0., 0., 0., 0., 0., 0., 0., 0., 0., 1., 0., 0., 1.],
        [0., 0., 0., 1., 0., 1., 0., 0., 0., 0., 1., 0., 0., 0.],
        [0., 0., 0., 1., 0., 0., 0., 0., 1., 0., 1., 0., 0., 1.],
        [0., 0., 0., 1., 0., 0., 0., 0., 1., 1., 0., 0., 0., 1.],
        [0., 0., 0., 1., 0., 0., 0., 0., 1., 0., 0., 0., 0., 0.]],
       device='cuda:0')
output: tensor([[-0.4886, -0.1528],
        [-0.4950, -0.1888],
        [-0.4014, -0.1218],
        [-0.3708, -0.0847],
        [ 0.0572, -0.5432],
        [-0.4404, -0.2030],
        [-0.2638, -0.4253],
        [-0.2630, -0.1536],
        [-0.4304, -0.3715],
        [-0.5417, -0.1466]], device='cuda:0', grad_fn=<AddmmBackward>)
x: tensor([[[[ 2.0948,  2.0434,  1.9920,  ..., -2.1008, -2.0837, -2.0837],
          [ 2.1119,  2.0605,  2.0777,  ..., -2.1008, -2.0837, -2.1008],
          [ 2.0948,  2.0092,  1.9578,  ..., -2.1008, -2.1008, -2.1179],
          ...,
          [ 0.2624,  0.2111,  0.3309,  ...,  0.5193,  0.5364,  0.6049],
          [ 0.2282,  0.2111,  0.3481,  ...,  0.5536,  0.4679,  0.5536],
          [ 0.1768,  0.4679,  0.3823,  ...,  0.5364,  0.5878,  0.6734]],
         [[ 2.2710,  2.2185,  2.1660,  ..., -2.0182, -2.0007, -2.0007],
          [ 2.2885,  2.2360,  2.2535,  ..., -2.0182, -2.0007, -2.0182],
          [ 2.2710,  2.1835,  2.1310,  ..., -2.0182, -2.0182, -2.0357],
          ...,
          [ 0.3978,  0.3452,  0.4678,  ...,  0.6604,  0.6779,  0.7479],
          [ 0.3627,  0.3452,  0.4853,  ...,  0.6954,  0.6078,  0.6954],
          [ 0.3102,  0.6078,  0.5203,  ...,  0.6779,  0.7304,  0.8179]],
         [[ 2.4831,  2.4308,  2.3786,  ..., -1.7870, -1.7696, -1.7696],
          [ 2.5006,  2.4483,  2.4657,  ..., -1.7870, -1.7696, -1.7870],
          [ 2.4831,  2.3960,  2.3437,  ..., -1.7870, -1.7870, -1.8044],
          ...,
          [ 0.6182,  0.5659,  0.6879,  ...,  0.8797,  0.8971,  0.9668],
          [ 0.5834,  0.5659,  0.7054,  ...,  0.9145,  0.8274,  0.9145],
          [ 0.5311,  0.8274,  0.7402,  ...,  0.8971,  0.9494,  1.0365]]],
        [[[-0.5767, -0.5253, -0.5767,  ...,  0.0741, -0.0287, -0.1657],
          [-0.4226, -0.4397, -0.4739,  ..., -0.3027, -0.1314, -0.0629],
          [-0.4568, -0.4911, -0.5082,  ..., -0.1657, -0.1486, -0.0972],
          ...,
          [-0.0629,  0.0398,  0.1597,  ...,  2.0948,  2.1633,  2.1119],
          [ 0.0398,  0.1083,  0.1254,  ...,  2.0777,  2.1119,  2.0948],
          [ 0.1083,  0.1939,  0.2624,  ...,  2.0948,  2.0948,  2.1804]],
         [[-0.4601, -0.4076, -0.4601,  ...,  0.2052,  0.1001, -0.0399],
          [-0.3025, -0.3200, -0.3550,  ..., -0.1800, -0.0049,  0.0651],
          [-0.3375, -0.3725, -0.3901,  ..., -0.0399, -0.0224,  0.0301],
          ...,
          [ 0.0651,  0.1702,  0.2927,  ...,  2.2710,  2.3410,  2.2885],
          [ 0.1702,  0.2402,  0.2577,  ...,  2.2535,  2.2885,  2.2710],
          [ 0.2402,  0.3277,  0.3978,  ...,  2.2710,  2.2710,  2.3585]],
         [[-0.2358, -0.1835, -0.2358,  ...,  0.4265,  0.3219,  0.1825],
          [-0.0790, -0.0964, -0.1312,  ...,  0.0431,  0.2173,  0.2871],
          [-0.1138, -0.1487, -0.1661,  ...,  0.1825,  0.1999,  0.2522],
          ...,
          [ 0.2871,  0.3916,  0.5136,  ...,  2.4831,  2.5529,  2.5006],
          [ 0.3916,  0.4614,  0.4788,  ...,  2.4657,  2.5006,  2.4831],
          [ 0.4614,  0.5485,  0.6182,  ...,  2.4831,  2.4831,  2.5703]]],
        [[[ 0.3481,  0.3309,  0.2796,  ..., -0.3027, -0.2856, -0.2856],
          [ 0.3309,  0.3138,  0.2624,  ..., -0.3712, -0.3541, -0.3541],
          [ 0.2796,  0.2624,  0.2111,  ..., -0.5082, -0.5082, -0.5082],
          ...,
          [ 1.9749,  1.9749,  1.9749,  ...,  0.2624,  0.2796,  0.2796],
          [ 1.9920,  1.9920,  1.9578,  ...,  0.2796,  0.3481,  0.3652],
          [ 1.9920,  1.9920,  1.9578,  ...,  0.2967,  0.3823,  0.3994]],
         [[ 0.4853,  0.4678,  0.4153,  ..., -0.1800, -0.1625, -0.1625],
          [ 0.4678,  0.4503,  0.3978,  ..., -0.2500, -0.2325, -0.2325],
          [ 0.4153,  0.3978,  0.3452,  ..., -0.3901, -0.3901, -0.3901],
          ...,
          [ 2.1485,  2.1485,  2.1485,  ...,  0.3978,  0.4153,  0.4153],
          [ 2.1660,  2.1660,  2.1310,  ...,  0.4153,  0.4853,  0.5028],
          [ 2.1660,  2.1660,  2.1310,  ...,  0.4328,  0.5203,  0.5378]],
         [[ 0.7054,  0.6879,  0.6356,  ...,  0.0431,  0.0605,  0.0605],
          [ 0.6879,  0.6705,  0.6182,  ..., -0.0267, -0.0092, -0.0092],
          [ 0.6356,  0.6182,  0.5659,  ..., -0.1661, -0.1661, -0.1661],
          ...,
          [ 2.3611,  2.3611,  2.3611,  ...,  0.6182,  0.6356,  0.6356],
          [ 2.3786,  2.3786,  2.3437,  ...,  0.6356,  0.7054,  0.7228],
          [ 2.3786,  2.3786,  2.3437,  ...,  0.6531,  0.7402,  0.7576]]],
        ...,
        [[[-0.3369, -0.3541, -0.3027,  ..., -0.3541, -0.3198, -0.2171],
          [-0.3369, -0.3712, -0.3027,  ..., -0.3883, -0.3541, -0.2513],
          [-0.3541, -0.3883, -0.3712,  ..., -0.3369, -0.3027, -0.0972],
          ...,
          [ 1.6324,  1.5297,  1.5125,  ...,  1.6153,  1.5125,  1.4612],
          [ 1.5125,  1.6153,  1.5982,  ...,  1.7523,  1.5297,  1.5982],
          [ 1.6838,  1.7694,  1.5297,  ...,  1.7180,  1.3584,  1.7352]],
         [[-0.2150, -0.2325, -0.1800,  ..., -0.2325, -0.1975, -0.0924],
          [-0.2150, -0.2500, -0.1800,  ..., -0.2675, -0.2325, -0.1275],
          [-0.2325, -0.2675, -0.2500,  ..., -0.2150, -0.1800,  0.0301],
          ...,
          [ 1.7983,  1.6933,  1.6758,  ...,  1.7808,  1.6758,  1.6232],
          [ 1.6758,  1.7808,  1.7633,  ...,  1.9209,  1.6933,  1.7633],
          [ 1.8508,  1.9384,  1.6933,  ...,  1.8859,  1.5182,  1.9034]],
         [[ 0.0082, -0.0092,  0.0431,  ..., -0.0092,  0.0256,  0.1302],
          [ 0.0082, -0.0267,  0.0431,  ..., -0.0441, -0.0092,  0.0953],
          [-0.0092, -0.0441, -0.0267,  ...,  0.0082,  0.0431,  0.2522],
          ...,
          [ 2.0125,  1.9080,  1.8905,  ...,  1.9951,  1.8905,  1.8383],
          [ 1.8905,  1.9951,  1.9777,  ...,  2.1346,  1.9080,  1.9777],
          [ 2.0648,  2.1520,  1.9080,  ...,  2.0997,  1.7337,  2.1171]]],
        [[[-0.5424, -0.5596, -0.5253,  ..., -1.2788, -1.2617, -1.3473],
          [-0.5424, -0.4739, -0.4397,  ..., -1.3473, -1.2788, -1.2617],
          [-0.4568, -0.4054, -0.4226,  ..., -1.3473, -1.3302, -1.3815],
          ...,
          [ 0.6906,  0.7419,  0.8104,  ..., -1.7583, -1.7069, -1.4843],
          [ 0.6734,  0.6906,  0.7419,  ..., -1.7069, -1.6042, -1.5699],
          [ 0.6906,  0.7591,  0.8104,  ..., -1.6555, -1.5699, -1.5699]],
         [[-0.4251, -0.4426, -0.4076,  ..., -1.1779, -1.1604, -1.2479],
          [-0.4251, -0.3550, -0.3200,  ..., -1.2479, -1.1779, -1.1604],
          [-0.3375, -0.2850, -0.3025,  ..., -1.2479, -1.2304, -1.2829],
          ...,
          [ 0.8354,  0.8880,  0.9580,  ..., -1.6681, -1.6155, -1.3880],
          [ 0.8179,  0.8354,  0.8880,  ..., -1.6155, -1.5105, -1.4755],
          [ 0.8354,  0.9055,  0.9580,  ..., -1.5630, -1.4755, -1.4755]],
         [[-0.2010, -0.2184, -0.1835,  ..., -0.9504, -0.9330, -1.0201],
          [-0.2010, -0.1312, -0.0964,  ..., -1.0201, -0.9504, -0.9330],
          [-0.1138, -0.0615, -0.0790,  ..., -1.0201, -1.0027, -1.0550],
          ...,
          [ 1.0539,  1.1062,  1.1759,  ..., -1.4384, -1.3861, -1.1596],
          [ 1.0365,  1.0539,  1.1062,  ..., -1.3861, -1.2816, -1.2467],
          [ 1.0539,  1.1237,  1.1759,  ..., -1.3339, -1.2467, -1.2467]]],
        [[[-0.6623, -0.6281, -0.4911,  ...,  1.0844,  0.9817,  0.9474],
          [-0.6623, -0.6281, -0.5082,  ...,  1.0844,  1.0159,  0.9817],
          [-0.6794, -0.6623, -0.5424,  ...,  1.0673,  1.0844,  1.0844],
          ...,
          [-1.5185, -1.5185, -1.5014,  ...,  2.0092,  2.0434,  2.0605],
          [-1.5357, -1.5357, -1.5185,  ...,  2.0777,  2.0605,  2.0434],
          [-1.5357, -1.5357, -1.5357,  ...,  2.0948,  2.0605,  2.0434]],
         [[-0.5476, -0.5126, -0.3725,  ...,  1.2381,  1.1331,  1.0980],
          [-0.5476, -0.5126, -0.3901,  ...,  1.2381,  1.1681,  1.1331],
          [-0.5651, -0.5476, -0.4251,  ...,  1.2206,  1.2381,  1.2381],
          ...,
          [-1.4230, -1.4230, -1.4055,  ...,  2.1835,  2.2185,  2.2360],
          [-1.4405, -1.4405, -1.4230,  ...,  2.2535,  2.2360,  2.2185],
          [-1.4405, -1.4405, -1.4405,  ...,  2.2710,  2.2360,  2.2185]],
         [[-0.3230, -0.2881, -0.1487,  ...,  1.4548,  1.3502,  1.3154],
          [-0.3230, -0.2881, -0.1661,  ...,  1.4548,  1.3851,  1.3502],
          [-0.3404, -0.3230, -0.2010,  ...,  1.4374,  1.4548,  1.4548],
          ...,
          [-1.1944, -1.1944, -1.1770,  ...,  2.3960,  2.4308,  2.4483],
          [-1.2119, -1.2119, -1.1944,  ...,  2.4657,  2.4483,  2.4308],
          [-1.2119, -1.2119, -1.2119,  ...,  2.4831,  2.4483,  2.4308]]]],
       device='cuda:0')
y: tensor([[0., 0., 0., 1., 0., 1., 0., 0., 0., 0., 0., 0., 0., 0.],
        [0., 0., 0., 1., 0., 1., 0., 0., 0., 0., 0., 0., 0., 1.],
        [0., 0., 0., 1., 0., 0., 1., 0., 1., 0., 1., 0., 0., 0.],
        [0., 0., 0., 1., 0., 0., 0., 0., 0., 0., 0., 0., 0., 0.],
        [0., 1., 1., 0., 0., 0., 1., 0., 1., 0., 1., 0., 0., 1.],
        [0., 0., 0., 1., 0., 0., 0., 1., 0., 0., 0., 0., 0., 0.],
        [0., 1., 1., 1., 0., 0., 0., 0., 0., 0., 1., 0., 0., 1.],
        [0., 1., 0., 1., 0., 0., 0., 0., 0., 0., 0., 0., 0., 0.],
        [0., 0., 0., 1., 0., 0., 0., 0., 0., 0., 0., 0., 0., 0.],
        [0., 0., 0., 1., 0., 0., 0., 1., 0., 0., 1., 0., 0., 0.]],
       device='cuda:0')
output: tensor([[-0.3759, -0.4258],
        [-0.1820, -0.3125],
        [-0.5427, -0.0714],
        [-0.5226, -0.1780],
        [-0.3526, -0.2420],
        [-0.2029, -0.3002],
        [-0.4183, -0.1751],
        [-0.3232, -0.2061],
        [-0.5058, -0.3182],
        [-0.4009, -0.1444]], device='cuda:0', grad_fn=<AddmmBackward>)
x: tensor([[[[-1.7412, -1.7069, -1.7583,  ..., -1.0048, -1.0562, -1.3644],
          [-1.7412, -1.6898, -1.6555,  ..., -1.0733, -1.0733, -1.2445],
          [-1.6898, -1.5870, -1.6042,  ..., -1.2103, -1.3302, -1.2445],
          ...,
          [ 1.5125,  1.5125,  1.5810,  ...,  2.1804,  2.1804,  2.1975],
          [ 1.5982,  1.5297,  1.7009,  ...,  2.1975,  2.1804,  2.1633],
          [ 1.5639,  1.6495,  1.6667,  ...,  2.1975,  2.1804,  2.1804]],
         [[-1.6506, -1.6155, -1.6681,  ..., -0.8978, -0.9503, -1.2654],
          [-1.6506, -1.5980, -1.5630,  ..., -0.9678, -0.9678, -1.1429],
          [-1.5980, -1.4930, -1.5105,  ..., -1.1078, -1.2304, -1.1429],
          ...,
          [ 1.6758,  1.6758,  1.7458,  ...,  2.3585,  2.3585,  2.3761],
          [ 1.7633,  1.6933,  1.8683,  ...,  2.3761,  2.3585,  2.3410],
          [ 1.7283,  1.8158,  1.8333,  ...,  2.3761,  2.3585,  2.3585]],
         [[-1.4210, -1.3861, -1.4384,  ..., -0.6715, -0.7238, -1.0376],
          [-1.4210, -1.3687, -1.3339,  ..., -0.7413, -0.7413, -0.9156],
          [-1.3687, -1.2641, -1.2816,  ..., -0.8807, -1.0027, -0.9156],
          ...,
          [ 1.8905,  1.8905,  1.9603,  ...,  2.5703,  2.5703,  2.5877],
          [ 1.9777,  1.9080,  2.0823,  ...,  2.5877,  2.5703,  2.5529],
          [ 1.9428,  2.0300,  2.0474,  ...,  2.5877,  2.5703,  2.5703]]],
        [[[-1.9809, -1.9809, -1.9809,  ..., -2.0323, -2.0152, -2.0152],
          [-1.9809, -1.9809, -1.9809,  ..., -2.0494, -2.0494, -2.0152],
          [-1.9809, -1.9809, -1.9809,  ..., -2.0494, -2.0323, -2.0494],
          ...,
          [-0.3712, -0.1999, -0.3369,  ...,  0.6906,  0.6734,  0.6221],
          [-0.2684, -0.2684, -0.3712,  ...,  0.8104,  0.6563,  0.5364],
          [-0.2856, -0.1999, -0.2856,  ...,  0.6734,  0.5536,  0.5536]],
         [[-1.8957, -1.8957, -1.8957,  ..., -1.9482, -1.9307, -1.9307],
          [-1.8957, -1.8957, -1.8957,  ..., -1.9657, -1.9657, -1.9307],
          [-1.8957, -1.8957, -1.8957,  ..., -1.9657, -1.9482, -1.9657],
          ...,
          [-0.2500, -0.0749, -0.2150,  ...,  0.8354,  0.8179,  0.7654],
          [-0.1450, -0.1450, -0.2500,  ...,  0.9580,  0.8004,  0.6779],
          [-0.1625, -0.0749, -0.1625,  ...,  0.8179,  0.6954,  0.6954]],
         [[-1.6650, -1.6650, -1.6650,  ..., -1.7173, -1.6999, -1.6999],
          [-1.6650, -1.6650, -1.6650,  ..., -1.7347, -1.7347, -1.6999],
          [-1.6650, -1.6650, -1.6650,  ..., -1.7347, -1.7173, -1.7347],
          ...,
          [-0.0267,  0.1476,  0.0082,  ...,  1.0539,  1.0365,  0.9842],
          [ 0.0779,  0.0779, -0.0267,  ...,  1.1759,  1.0191,  0.8971],
          [ 0.0605,  0.1476,  0.0605,  ...,  1.0365,  0.9145,  0.9145]]],
        [[[-1.4158, -1.5014, -1.6042,  ...,  0.1939,  0.0741, -0.0116],
          [-1.5185, -1.5357, -1.5528,  ...,  0.3138,  0.2453,  0.1939],
          [-1.5870, -1.5699, -1.5528,  ...,  0.3823,  0.3823,  0.3994],
          ...,
          [ 1.7523,  1.7180,  1.6838,  ...,  1.9578,  1.9578,  1.9407],
          [ 1.7694,  1.7352,  1.7009,  ...,  1.9064,  1.9407,  1.9578],
          [ 1.7352,  1.7180,  1.6838,  ...,  1.8550,  1.8893,  1.9235]],
         [[-1.3179, -1.4055, -1.5105,  ...,  0.3277,  0.2052,  0.1176],
          [-1.4230, -1.4405, -1.4580,  ...,  0.4503,  0.3803,  0.3277],
          [-1.4930, -1.4755, -1.4580,  ...,  0.5203,  0.5203,  0.5378],
          ...,
          [ 1.9209,  1.8859,  1.8508,  ...,  2.1310,  2.1310,  2.1134],
          [ 1.9384,  1.9034,  1.8683,  ...,  2.0784,  2.1134,  2.1310],
          [ 1.9034,  1.8859,  1.8508,  ...,  2.0259,  2.0609,  2.0959]],
         [[-1.0898, -1.1770, -1.2816,  ...,  0.5485,  0.4265,  0.3393],
          [-1.1944, -1.2119, -1.2293,  ...,  0.6705,  0.6008,  0.5485],
          [-1.2641, -1.2467, -1.2293,  ...,  0.7402,  0.7402,  0.7576],
          ...,
          [ 2.1346,  2.0997,  2.0648,  ...,  2.3437,  2.3437,  2.3263],
          [ 2.1520,  2.1171,  2.0823,  ...,  2.2914,  2.3263,  2.3437],
          [ 2.1171,  2.0997,  2.0648,  ...,  2.2391,  2.2740,  2.3088]]],
        ...,
        [[[-2.1008, -2.1008, -2.1008,  ..., -2.1179, -2.1179, -2.1179],
          [-2.1008, -2.1008, -2.1008,  ..., -2.1008, -2.1179, -2.1179],
          [-2.1008, -2.1008, -2.1008,  ..., -2.0837, -2.1008, -2.1179],
          ...,
          [ 0.7248,  0.7933,  0.8961,  ...,  0.3138,  0.2282,  0.1768],
          [ 0.8276,  0.8961,  0.9646,  ...,  0.3309,  0.2624,  0.2453],
          [ 0.8104,  0.9817,  1.0159,  ...,  0.3652,  0.3481,  0.3309]],
         [[-2.0182, -2.0182, -2.0182,  ..., -2.0357, -2.0357, -2.0357],
          [-2.0182, -2.0182, -2.0182,  ..., -2.0182, -2.0357, -2.0357],
          [-2.0182, -2.0182, -2.0182,  ..., -2.0007, -2.0182, -2.0357],
          ...,
          [ 0.8704,  0.9405,  1.0455,  ...,  0.4503,  0.3627,  0.3102],
          [ 0.9755,  1.0455,  1.1155,  ...,  0.4678,  0.3978,  0.3803],
          [ 0.9580,  1.1331,  1.1681,  ...,  0.5028,  0.4853,  0.4678]],
         [[-1.7870, -1.7870, -1.7870,  ..., -1.8044, -1.8044, -1.8044],
          [-1.7870, -1.7870, -1.7870,  ..., -1.7870, -1.8044, -1.8044],
          [-1.7870, -1.7870, -1.7870,  ..., -1.7696, -1.7870, -1.8044],
          ...,
          [ 1.0888,  1.1585,  1.2631,  ...,  0.6705,  0.5834,  0.5311],
          [ 1.1934,  1.2631,  1.3328,  ...,  0.6879,  0.6182,  0.6008],
          [ 1.1759,  1.3502,  1.3851,  ...,  0.7228,  0.7054,  0.6879]]],
        [[[-0.7308, -0.7308, -0.7479,  ..., -0.9534, -0.9020, -0.8678],
          [-0.6794, -0.6623, -0.6281,  ..., -0.9705, -0.9534, -0.9534],
          [-0.6281, -0.5596, -0.4568,  ..., -1.0219, -1.0390, -1.0562],
          ...,
          [ 0.3823,  0.4337,  0.4851,  ...,  1.8037,  1.8037,  1.8037],
          [ 0.5193,  0.5364,  0.5707,  ...,  1.7352,  1.7523,  1.7523],
          [ 0.6049,  0.6049,  0.6221,  ...,  1.6838,  1.7009,  1.7009]],
         [[-0.6176, -0.6176, -0.6352,  ..., -0.8452, -0.7927, -0.7577],
          [-0.5651, -0.5476, -0.5126,  ..., -0.8627, -0.8452, -0.8452],
          [-0.5126, -0.4426, -0.3375,  ..., -0.9153, -0.9328, -0.9503],
          ...,
          [ 0.5203,  0.5728,  0.6254,  ...,  1.9734,  1.9734,  1.9734],
          [ 0.6604,  0.6779,  0.7129,  ...,  1.9034,  1.9209,  1.9209],
          [ 0.7479,  0.7479,  0.7654,  ...,  1.8508,  1.8683,  1.8683]],
         [[-0.3927, -0.3927, -0.4101,  ..., -0.6193, -0.5670, -0.5321],
          [-0.3404, -0.3230, -0.2881,  ..., -0.6367, -0.6193, -0.6193],
          [-0.2881, -0.2184, -0.1138,  ..., -0.6890, -0.7064, -0.7238],
          ...,
          [ 0.7402,  0.7925,  0.8448,  ...,  2.1868,  2.1868,  2.1868],
          [ 0.8797,  0.8971,  0.9319,  ...,  2.1171,  2.1346,  2.1346],
          [ 0.9668,  0.9668,  0.9842,  ...,  2.0648,  2.0823,  2.0823]]],
        [[[ 0.2624,  0.2453,  0.1939,  ...,  0.2967,  0.4851,  0.6221],
          [ 0.3309,  0.2111,  0.1768,  ...,  0.1939,  0.3138,  0.5364],
          [ 0.5364,  0.5193,  0.5022,  ...,  0.1597,  0.2282,  0.3994],
          ...,
          [ 1.5639,  1.6153,  1.6667,  ..., -0.2171, -0.1828, -0.2342],
          [ 1.6667,  1.6667,  1.6838,  ..., -0.2171, -0.1314, -0.0801],
          [ 1.7180,  1.7352,  1.7352,  ..., -0.2856, -0.2171, -0.1314]],
         [[ 0.3978,  0.3803,  0.3277,  ...,  0.4328,  0.6254,  0.7654],
          [ 0.4678,  0.3452,  0.3102,  ...,  0.3277,  0.4503,  0.6779],
          [ 0.6779,  0.6604,  0.6429,  ...,  0.2927,  0.3627,  0.5378],
          ...,
          [ 1.7283,  1.7808,  1.8333,  ..., -0.0924, -0.0574, -0.1099],
          [ 1.8333,  1.8333,  1.8508,  ..., -0.0924, -0.0049,  0.0476],
          [ 1.8859,  1.9034,  1.9034,  ..., -0.1625, -0.0924, -0.0049]],
         [[ 0.6182,  0.6008,  0.5485,  ...,  0.6531,  0.8448,  0.9842],
          [ 0.6879,  0.5659,  0.5311,  ...,  0.5485,  0.6705,  0.8971],
          [ 0.8971,  0.8797,  0.8622,  ...,  0.5136,  0.5834,  0.7576],
          ...,
          [ 1.9428,  1.9951,  2.0474,  ...,  0.1302,  0.1651,  0.1128],
          [ 2.0474,  2.0474,  2.0648,  ...,  0.1302,  0.2173,  0.2696],
          [ 2.0997,  2.1171,  2.1171,  ...,  0.0605,  0.1302,  0.2173]]]],
       device='cuda:0')
y: tensor([[0., 0., 0., 1., 0., 0., 0., 0., 0., 0., 1., 0., 0., 1.],
        [0., 0., 0., 1., 0., 0., 0., 0., 0., 0., 1., 0., 0., 1.],
        [0., 0., 0., 1., 0., 0., 1., 0., 1., 0., 1., 0., 0., 0.],
        [0., 0., 0., 1., 0., 1., 1., 0., 1., 0., 1., 0., 0., 1.],
        [0., 0., 0., 1., 0., 0., 0., 1., 0., 1., 1., 0., 0., 1.],
        [0., 0., 0., 1., 0., 0., 1., 0., 1., 0., 0., 0., 0., 1.],
        [0., 0., 0., 1., 0., 0., 0., 0., 1., 0., 1., 0., 0., 1.],
        [0., 0., 0., 1., 0., 1., 0., 0., 0., 0., 1., 0., 0., 1.],
        [0., 0., 0., 1., 0., 1., 0., 0., 0., 0., 1., 0., 0., 1.],
        [0., 0., 0., 1., 0., 0., 0., 0., 0., 0., 1., 0., 0., 1.]],
       device='cuda:0')
  0%|                                                 | 0/1000 [00:10<?, ?it/s]
multiprocessing.pool.RemoteTraceback:
"""
Traceback (most recent call last):
  File "/home/aiotlab/anaconda3/envs/longvaipe/lib/python3.8/multiprocessing/pool.py", line 125, in worker
    result = (True, func(*args, **kwds))
  File "/home/aiotlab/anaconda3/envs/longvaipe/lib/python3.8/multiprocessing/pool.py", line 48, in mapstar
    return list(map(*args))
  File "/mnt/disk1/dungnt/federated-learning-dqn/utils/trainer.py", line 40, in train
    _, start_inference_loss = test(model, train_dataloader)
  File "/mnt/disk1/dungnt/federated-learning-dqn/utils/trainer.py", line 95, in test
    loss += cel(output, y).item()
  File "/home/aiotlab/anaconda3/envs/longvaipe/lib/python3.8/site-packages/torch/nn/modules/module.py", line 889, in _call_impl
    result = self.forward(*input, **kwargs)
  File "/home/aiotlab/anaconda3/envs/longvaipe/lib/python3.8/site-packages/torch/nn/modules/loss.py", line 1047, in forward
    return F.cross_entropy(input, target, weight=self.weight,
  File "/home/aiotlab/anaconda3/envs/longvaipe/lib/python3.8/site-packages/torch/nn/functional.py", line 2690, in cross_entropy
    return nll_loss(log_softmax(input, 1), target, weight, None, ignore_index, None, reduction)
  File "/home/aiotlab/anaconda3/envs/longvaipe/lib/python3.8/site-packages/torch/nn/functional.py", line 2385, in nll_loss
    ret = torch._C._nn.nll_loss(input, target, weight, _Reduction.get_enum(reduction), ignore_index)
RuntimeError: Expected object of scalar type Long but got scalar type Float for argument #2 'target' in call to _thnn_nll_loss_forward
"""
The above exception was the direct cause of the following exception:
Traceback (most recent call last):
  File "train.py", line 344, in <module>
    main(args)
  File "train.py", line 199, in main
    pool.map(
  File "/home/aiotlab/anaconda3/envs/longvaipe/lib/python3.8/multiprocessing/pool.py", line 364, in map
    return self._map_async(func, iterable, mapstar, chunksize).get()
  File "/home/aiotlab/anaconda3/envs/longvaipe/lib/python3.8/multiprocessing/pool.py", line 771, in get
    raise self._value
RuntimeError: Expected object of scalar type Long but got scalar type Float for argument #2 'target' in call to _thnn_nll_loss_forward